<?xml version="1.0" encoding="UTF-8"?>
<coverage generated="1779802403816" clover="3.2.0">
  <project timestamp="1779802403816" name="All files">
    <metrics statements="542" coveredstatements="529" conditionals="405" coveredconditionals="370" methods="122" coveredmethods="115" elements="1069" coveredelements="1014" complexity="0" loc="542" ncloc="542" packages="8" files="16" classes="16"/>
    <package name="dist.__tests__">
      <metrics statements="11" coveredstatements="11" conditionals="0" coveredconditionals="0" methods="1" coveredmethods="1"/>
      <file name="helpers.js" path="/workspace/api/dist/__tests__/helpers.js">
        <metrics statements="11" coveredstatements="11" conditionals="0" coveredconditionals="0" methods="1" coveredmethods="1"/>
        <line num="5" count="4" type="stmt"/>
        <line num="8" count="120" type="stmt"/>
        <line num="9" count="120" type="stmt"/>
        <line num="10" count="120" type="stmt"/>
        <line num="11" count="120" type="stmt"/>
        <line num="12" count="120" type="stmt"/>
        <line num="13" count="120" type="stmt"/>
        <line num="14" count="120" type="stmt"/>
        <line num="15" count="120" type="stmt"/>
        <line num="16" count="120" type="stmt"/>
        <line num="17" count="120" type="stmt"/>
      </file>
    </package>
    <package name="dist.plugins">
      <metrics statements="4" coveredstatements="3" conditionals="2" coveredconditionals="1" methods="2" coveredmethods="1"/>
      <file name="auth.js" path="/workspace/api/dist/plugins/auth.js">
        <metrics statements="4" coveredstatements="3" conditionals="2" coveredconditionals="1" methods="2" coveredmethods="1"/>
        <line num="2" count="85" type="cond" truecount="1" falsecount="1"/>
        <line num="3" count="85" type="stmt"/>
        <line num="4" count="0" type="stmt"/>
        <line num="6" count="85" type="stmt"/>
      </file>
    </package>
    <package name="dist.routes">
      <metrics statements="124" coveredstatements="120" conditionals="95" coveredconditionals="86" methods="33" coveredmethods="31"/>
      <file name="health.js" path="/workspace/api/dist/routes/health.js">
        <metrics statements="3" coveredstatements="3" conditionals="0" coveredconditionals="0" methods="2" coveredmethods="2"/>
        <line num="3" count="85" type="stmt"/>
        <line num="4" count="1" type="stmt"/>
        <line num="5" count="1" type="stmt"/>
      </file>
      <file name="importExport.js" path="/workspace/api/dist/routes/importExport.js">
        <metrics statements="77" coveredstatements="73" conditionals="73" coveredconditionals="66" methods="20" coveredmethods="18"/>
        <line num="6" count="2" type="stmt"/>
        <line num="8" count="13" type="cond" truecount="4" falsecount="1"/>
        <line num="9" count="0" type="stmt"/>
        <line num="11" count="13" type="stmt"/>
        <line num="13" count="2" type="stmt"/>
        <line num="14" count="2" type="stmt"/>
        <line num="16" count="144" type="cond" truecount="2" falsecount="0"/>
        <line num="17" count="144" type="cond" truecount="2" falsecount="0"/>
        <line num="20" count="144" type="cond" truecount="2" falsecount="0"/>
        <line num="21" count="144" type="cond" truecount="2" falsecount="0"/>
        <line num="24" count="144" type="stmt"/>
        <line num="25" count="144" type="cond" truecount="2" falsecount="0"/>
        <line num="28" count="576" type="cond" truecount="2" falsecount="0"/>
        <line num="31" count="288" type="cond" truecount="4" falsecount="0"/>
        <line num="34" count="85" type="stmt"/>
        <line num="35" count="34" type="stmt"/>
        <line num="36" count="34" type="cond" truecount="4" falsecount="0"/>
        <line num="37" count="3" type="stmt"/>
        <line num="39" count="31" type="stmt"/>
        <line num="40" count="31" type="stmt"/>
        <line num="41" count="31" type="cond" truecount="2" falsecount="0"/>
        <line num="42" count="1" type="stmt"/>
        <line num="44" count="30" type="stmt"/>
        <line num="45" count="30" type="stmt"/>
        <line num="47" count="30" type="cond" truecount="2" falsecount="0"/>
        <line num="48" count="3" type="stmt"/>
        <line num="51" count="30" type="cond" truecount="2" falsecount="0"/>
        <line num="54" count="34" type="stmt"/>
        <line num="55" count="34" type="stmt"/>
        <line num="56" count="144" type="stmt"/>
        <line num="57" count="144" type="cond" truecount="4" falsecount="0"/>
        <line num="58" count="144" type="cond" truecount="2" falsecount="0"/>
        <line num="59" count="17" type="stmt"/>
        <line num="60" count="144" type="stmt"/>
        <line num="62" count="34" type="stmt"/>
        <line num="64" count="30" type="stmt"/>
        <line num="70" count="30" type="stmt"/>
        <line num="71" count="144" type="cond" truecount="2" falsecount="0"/>
        <line num="74" count="30" type="stmt"/>
        <line num="75" count="30" type="stmt"/>
        <line num="76" count="144" type="cond" truecount="2" falsecount="0"/>
        <line num="77" count="144" type="cond" truecount="4" falsecount="0"/>
        <line num="78" count="144" type="cond" truecount="2" falsecount="0"/>
        <line num="79" count="5" type="stmt"/>
        <line num="82" count="30" type="stmt"/>
        <line num="83" count="30" type="stmt"/>
        <line num="84" count="144" type="cond" truecount="2" falsecount="0"/>
        <line num="85" count="144" type="stmt"/>
        <line num="86" count="3" type="cond" truecount="1" falsecount="1"/>
        <line num="87" count="0" type="stmt"/>
        <line num="88" count="3" type="stmt"/>
        <line num="89" count="3" type="cond" truecount="2" falsecount="0"/>
        <line num="90" count="2" type="stmt"/>
        <line num="94" count="30" type="stmt"/>
        <line num="95" count="144" type="cond" truecount="2" falsecount="0"/>
        <line num="96" count="144" type="cond" truecount="4" falsecount="0"/>
        <line num="97" count="5" type="stmt"/>
        <line num="100" count="30" type="stmt"/>
        <line num="102" count="34" type="stmt"/>
        <line num="103" count="34" type="stmt"/>
        <line num="104" count="34" type="stmt"/>
        <line num="106" count="85" type="stmt"/>
        <line num="107" count="2" type="stmt"/>
        <line num="108" count="2" type="cond" truecount="2" falsecount="0"/>
        <line num="109" count="1" type="stmt"/>
        <line num="111" count="1" type="stmt"/>
        <line num="112" count="1" type="stmt"/>
        <line num="122" count="85" type="stmt"/>
        <line num="123" count="1" type="stmt"/>
        <line num="124" count="1" type="cond" truecount="1" falsecount="1"/>
        <line num="125" count="0" type="stmt"/>
        <line num="127" count="1" type="stmt"/>
        <line num="128" count="1" type="stmt"/>
        <line num="129" count="1" type="stmt"/>
        <line num="142" count="0" type="stmt"/>
        <line num="146" count="1" type="stmt"/>
        <line num="147" count="1" type="stmt"/>
      </file>
      <file name="projects.js" path="/workspace/api/dist/routes/projects.js">
        <metrics statements="8" coveredstatements="8" conditionals="2" coveredconditionals="2" methods="4" coveredmethods="4"/>
        <line num="3" count="85" type="stmt"/>
        <line num="4" count="2" type="stmt"/>
        <line num="6" count="85" type="stmt"/>
        <line num="15" count="81" type="stmt"/>
        <line num="18" count="85" type="stmt"/>
        <line num="19" count="50" type="cond" truecount="2" falsecount="0"/>
        <line num="20" count="1" type="stmt"/>
        <line num="22" count="49" type="stmt"/>
      </file>
      <file name="tasks.js" path="/workspace/api/dist/routes/tasks.js">
        <metrics statements="36" coveredstatements="36" conditionals="20" coveredconditionals="18" methods="7" coveredmethods="7"/>
        <line num="4" count="2" type="stmt"/>
        <line num="19" count="85" type="stmt"/>
        <line num="20" count="33" type="stmt"/>
        <line num="21" count="33" type="stmt"/>
        <line num="29" count="85" type="stmt"/>
        <line num="38" count="65" type="stmt"/>
        <line num="54" count="65" type="stmt"/>
        <line num="55" count="65" type="stmt"/>
        <line num="58" count="85" type="stmt"/>
        <line num="79" count="3" type="stmt"/>
        <line num="80" count="3" type="stmt"/>
        <line num="81" count="3" type="stmt"/>
        <line num="84" count="85" type="stmt"/>
        <line num="85" count="18" type="stmt"/>
        <line num="86" count="18" type="cond" truecount="2" falsecount="0"/>
        <line num="87" count="3" type="stmt"/>
        <line num="88" count="15" type="stmt"/>
        <line num="90" count="85" type="stmt"/>
        <line num="98" count="12" type="cond" truecount="2" falsecount="0"/>
        <line num="99" count="2" type="cond" truecount="3" falsecount="1"/>
        <line num="101" count="2" type="stmt"/>
        <line num="104" count="10" type="stmt"/>
        <line num="119" count="10" type="cond" truecount="2" falsecount="0"/>
        <line num="120" count="2" type="stmt"/>
        <line num="121" count="8" type="stmt"/>
        <line num="122" count="8" type="cond" truecount="4" falsecount="0"/>
        <line num="123" count="6" type="stmt"/>
        <line num="124" count="23" type="stmt"/>
        <line num="127" count="8" type="stmt"/>
        <line num="130" count="85" type="stmt"/>
        <line num="131" count="2" type="stmt"/>
        <line num="132" count="2" type="cond" truecount="2" falsecount="0"/>
        <line num="133" count="1" type="stmt"/>
        <line num="134" count="1" type="stmt"/>
        <line num="135" count="1" type="stmt"/>
        <line num="136" count="1" type="stmt"/>
      </file>
    </package>
    <package name="dist.services">
      <metrics statements="135" coveredstatements="129" conditionals="98" coveredconditionals="86" methods="25" coveredmethods="24"/>
      <file name="projectService.js" path="/workspace/api/dist/services/projectService.js">
        <metrics statements="8" coveredstatements="8" conditionals="2" coveredconditionals="2" methods="5" coveredmethods="5"/>
        <line num="4" count="120" type="stmt"/>
        <line num="7" count="5" type="stmt"/>
        <line num="8" count="5" type="stmt"/>
        <line num="11" count="38" type="stmt"/>
        <line num="12" count="38" type="cond" truecount="2" falsecount="0"/>
        <line num="15" count="83" type="stmt"/>
        <line num="16" count="83" type="stmt"/>
        <line num="19" count="53" type="stmt"/>
      </file>
      <file name="taskService.js" path="/workspace/api/dist/services/taskService.js">
        <metrics statements="127" coveredstatements="121" conditionals="96" coveredconditionals="84" methods="20" coveredmethods="19"/>
        <line num="3" count="340" type="stmt"/>
        <line num="24" count="340" type="stmt"/>
        <line num="25" count="219" type="cond" truecount="2" falsecount="0"/>
        <line num="26" count="5" type="stmt"/>
        <line num="27" count="340" type="stmt"/>
        <line num="28" count="214" type="stmt"/>
        <line num="31" count="214" type="stmt"/>
        <line num="34" count="214" type="stmt"/>
        <line num="35" count="214" type="stmt"/>
        <line num="36" count="214" type="stmt"/>
        <line num="37" count="11" type="cond" truecount="2" falsecount="0"/>
        <line num="38" count="11" type="stmt"/>
        <line num="39" count="11" type="stmt"/>
        <line num="41" count="214" type="stmt"/>
        <line num="42" count="7" type="cond" truecount="2" falsecount="0"/>
        <line num="43" count="7" type="stmt"/>
        <line num="44" count="7" type="stmt"/>
        <line num="46" count="340" type="stmt"/>
        <line num="53" count="41" type="stmt"/>
        <line num="54" count="41" type="stmt"/>
        <line num="55" count="41" type="cond" truecount="2" falsecount="0"/>
        <line num="56" count="3" type="stmt"/>
        <line num="57" count="3" type="stmt"/>
        <line num="59" count="41" type="cond" truecount="2" falsecount="0"/>
        <line num="60" count="1" type="stmt"/>
        <line num="61" count="1" type="stmt"/>
        <line num="63" count="41" type="cond" truecount="2" falsecount="0"/>
        <line num="64" count="1" type="stmt"/>
        <line num="65" count="1" type="stmt"/>
        <line num="67" count="41" type="stmt"/>
        <line num="68" count="41" type="stmt"/>
        <line num="69" count="41" type="cond" truecount="2" falsecount="0"/>
        <line num="70" count="41" type="cond" truecount="2" falsecount="0"/>
        <line num="71" count="41" type="stmt"/>
        <line num="74" count="41" type="stmt"/>
        <line num="75" count="41" type="stmt"/>
        <line num="78" count="184" type="stmt"/>
        <line num="79" count="184" type="cond" truecount="2" falsecount="0"/>
        <line num="80" count="6" type="stmt"/>
        <line num="81" count="178" type="stmt"/>
        <line num="84" count="115" type="stmt"/>
        <line num="87" count="115" type="stmt"/>
        <line num="89" count="115" type="cond" truecount="2" falsecount="0"/>
        <line num="90" count="5" type="stmt"/>
        <line num="91" count="5" type="stmt"/>
        <line num="92" count="5" type="stmt"/>
        <line num="95" count="114" type="cond" truecount="4" falsecount="0"/>
        <line num="96" count="34" type="stmt"/>
        <line num="98" count="114" type="stmt"/>
        <line num="100" count="3" type="stmt"/>
        <line num="111" count="0" type="cond" truecount="0" falsecount="2"/>
        <line num="115" count="17" type="stmt"/>
        <line num="116" count="17" type="cond" truecount="2" falsecount="0"/>
        <line num="117" count="3" type="stmt"/>
        <line num="118" count="14" type="stmt"/>
        <line num="119" count="14" type="stmt"/>
        <line num="120" count="14" type="stmt"/>
        <line num="121" count="168" type="cond" truecount="2" falsecount="0"/>
        <line num="122" count="21" type="stmt"/>
        <line num="123" count="21" type="cond" truecount="1" falsecount="1"/>
        <line num="126" count="14" type="cond" truecount="2" falsecount="0"/>
        <line num="127" count="12" type="stmt"/>
        <line num="129" count="14" type="cond" truecount="2" falsecount="0"/>
        <line num="130" count="2" type="stmt"/>
        <line num="131" count="2" type="stmt"/>
        <line num="132" count="2" type="stmt"/>
        <line num="133" count="2" type="stmt"/>
        <line num="136" count="14" type="cond" truecount="4" falsecount="0"/>
        <line num="137" count="9" type="stmt"/>
        <line num="139" count="14" type="stmt"/>
        <line num="142" count="176" type="stmt"/>
        <line num="143" count="176" type="cond" truecount="2" falsecount="0"/>
        <line num="144" count="45" type="stmt"/>
        <line num="145" count="131" type="stmt"/>
        <line num="146" count="131" type="stmt"/>
        <line num="147" count="133" type="stmt"/>
        <line num="148" count="133" type="stmt"/>
        <line num="149" count="131" type="cond" truecount="4" falsecount="0"/>
        <line num="150" count="3" type="stmt"/>
        <line num="151" count="128" type="cond" truecount="1" falsecount="1"/>
        <line num="152" count="176" type="cond" truecount="1" falsecount="1"/>
        <line num="153" count="176" type="stmt"/>
        <line num="154" count="176" type="stmt"/>
        <line num="155" count="176" type="cond" truecount="2" falsecount="0"/>
        <line num="156" count="128" type="stmt"/>
        <line num="157" count="128" type="stmt"/>
        <line num="159" count="128" type="cond" truecount="1" falsecount="1"/>
        <line num="160" count="128" type="stmt"/>
        <line num="161" count="128" type="stmt"/>
        <line num="163" count="128" type="cond" truecount="1" falsecount="1"/>
        <line num="164" count="128" type="stmt"/>
        <line num="165" count="128" type="stmt"/>
        <line num="169" count="6" type="stmt"/>
        <line num="170" count="6" type="stmt"/>
        <line num="171" count="6" type="stmt"/>
        <line num="172" count="6" type="stmt"/>
        <line num="173" count="29" type="cond" truecount="1" falsecount="1"/>
        <line num="174" count="0" type="stmt"/>
        <line num="175" count="29" type="stmt"/>
        <line num="176" count="29" type="stmt"/>
        <line num="177" count="29" type="cond" truecount="2" falsecount="0"/>
        <line num="178" count="6" type="stmt"/>
        <line num="179" count="23" type="stmt"/>
        <line num="180" count="23" type="cond" truecount="1" falsecount="1"/>
        <line num="181" count="0" type="stmt"/>
        <line num="182" count="23" type="stmt"/>
        <line num="183" count="23" type="stmt"/>
        <line num="185" count="6" type="stmt"/>
        <line num="188" count="6" type="stmt"/>
        <line num="189" count="6" type="stmt"/>
        <line num="192" count="1" type="stmt"/>
        <line num="193" count="1" type="stmt"/>
        <line num="194" count="1" type="stmt"/>
        <line num="195" count="3" type="cond" truecount="2" falsecount="0"/>
        <line num="196" count="1" type="stmt"/>
        <line num="197" count="2" type="cond" truecount="1" falsecount="1"/>
        <line num="198" count="0" type="stmt"/>
        <line num="199" count="2" type="stmt"/>
        <line num="200" count="2" type="stmt"/>
        <line num="201" count="2" type="cond" truecount="1" falsecount="1"/>
        <line num="202" count="0" type="stmt"/>
        <line num="203" count="2" type="stmt"/>
        <line num="205" count="0" type="stmt"/>
        <line num="208" count="4" type="stmt"/>
        <line num="209" count="4" type="stmt"/>
        <line num="210" count="4" type="stmt"/>
        <line num="211" count="5" type="stmt"/>
      </file>
    </package>
    <package name="src.__tests__">
      <metrics statements="13" coveredstatements="13" conditionals="0" coveredconditionals="0" methods="1" coveredmethods="1"/>
      <file name="helpers.ts" path="/workspace/api/src/__tests__/helpers.ts">
        <metrics statements="13" coveredstatements="13" conditionals="0" coveredconditionals="0" methods="1" coveredmethods="1"/>
        <line num="6" count="4" type="stmt"/>
        <line num="10" count="137" type="stmt"/>
        <line num="11" count="137" type="stmt"/>
        <line num="12" count="137" type="stmt"/>
        <line num="13" count="137" type="stmt"/>
        <line num="14" count="137" type="stmt"/>
        <line num="15" count="137" type="stmt"/>
        <line num="16" count="137" type="stmt"/>
        <line num="17" count="137" type="stmt"/>
        <line num="18" count="137" type="stmt"/>
        <line num="19" count="137" type="stmt"/>
        <line num="20" count="137" type="stmt"/>
        <line num="21" count="137" type="stmt"/>
      </file>
    </package>
    <package name="src.plugins">
      <metrics statements="4" coveredstatements="3" conditionals="2" coveredconditionals="1" methods="2" coveredmethods="1"/>
      <file name="auth.ts" path="/workspace/api/src/plugins/auth.ts">
        <metrics statements="4" coveredstatements="3" conditionals="2" coveredconditionals="1" methods="2" coveredmethods="1"/>
        <line num="10" count="100" type="cond" truecount="1" falsecount="1"/>
        <line num="11" count="100" type="stmt"/>
        <line num="12" count="0" type="stmt"/>
        <line num="14" count="100" type="stmt"/>
      </file>
    </package>
    <package name="src.routes">
      <metrics statements="131" coveredstatements="130" conditionals="110" coveredconditionals="106" methods="33" coveredmethods="31"/>
      <file name="health.ts" path="/workspace/api/src/routes/health.ts">
        <metrics statements="3" coveredstatements="3" conditionals="0" coveredconditionals="0" methods="2" coveredmethods="2"/>
        <line num="5" count="100" type="stmt"/>
        <line num="6" count="1" type="stmt"/>
        <line num="7" count="1" type="stmt"/>
      </file>
      <file name="importExport.ts" path="/workspace/api/src/routes/importExport.ts">
        <metrics statements="74" coveredstatements="73" conditionals="73" coveredconditionals="69" methods="20" coveredmethods="18"/>
        <line num="8" count="2" type="stmt"/>
        <line num="11" count="39" type="cond" truecount="5" falsecount="0"/>
        <line num="12" count="1" type="stmt"/>
        <line num="14" count="38" type="stmt"/>
        <line num="17" count="2" type="stmt"/>
        <line num="18" count="2" type="stmt"/>
        <line num="21" count="149" type="cond" truecount="2" falsecount="0"/>
        <line num="22" count="149" type="cond" truecount="2" falsecount="0"/>
        <line num="25" count="149" type="cond" truecount="2" falsecount="0"/>
        <line num="26" count="149" type="cond" truecount="2" falsecount="0"/>
        <line num="29" count="149" type="stmt"/>
        <line num="30" count="149" type="cond" truecount="2" falsecount="0"/>
        <line num="33" count="596" type="cond" truecount="2" falsecount="0"/>
        <line num="36" count="298" type="cond" truecount="4" falsecount="0"/>
        <line num="40" count="100" type="stmt"/>
        <line num="43" count="36" type="stmt"/>
        <line num="44" count="36" type="cond" truecount="4" falsecount="0"/>
        <line num="45" count="3" type="stmt"/>
        <line num="48" count="33" type="stmt"/>
        <line num="49" count="33" type="stmt"/>
        <line num="50" count="33" type="cond" truecount="2" falsecount="0"/>
        <line num="51" count="1" type="stmt"/>
        <line num="54" count="32" type="stmt"/>
        <line num="55" count="32" type="stmt"/>
        <line num="58" count="32" type="cond" truecount="2" falsecount="0"/>
        <line num="59" count="3" type="stmt"/>
        <line num="63" count="32" type="cond" truecount="2" falsecount="0"/>
        <line num="69" count="36" type="stmt"/>
        <line num="70" count="36" type="stmt"/>
        <line num="71" count="149" type="stmt"/>
        <line num="72" count="149" type="cond" truecount="4" falsecount="0"/>
        <line num="73" count="149" type="cond" truecount="2" falsecount="0"/>
        <line num="74" count="149" type="stmt"/>
        <line num="77" count="36" type="stmt"/>
        <line num="79" count="32" type="stmt"/>
        <line num="85" count="32" type="stmt"/>
        <line num="86" count="149" type="stmt"/>
        <line num="105" count="32" type="stmt"/>
        <line num="106" count="32" type="stmt"/>
        <line num="107" count="149" type="cond" truecount="2" falsecount="0"/>
        <line num="108" count="149" type="cond" truecount="4" falsecount="0"/>
        <line num="109" count="149" type="cond" truecount="2" falsecount="0"/>
        <line num="113" count="32" type="stmt"/>
        <line num="116" count="32" type="stmt"/>
        <line num="117" count="149" type="cond" truecount="2" falsecount="0"/>
        <line num="118" count="149" type="stmt"/>
        <line num="119" count="3" type="cond" truecount="1" falsecount="1"/>
        <line num="120" count="3" type="stmt"/>
        <line num="121" count="3" type="cond" truecount="2" falsecount="0"/>
        <line num="126" count="32" type="stmt"/>
        <line num="127" count="149" type="cond" truecount="2" falsecount="0"/>
        <line num="128" count="149" type="cond" truecount="4" falsecount="0"/>
        <line num="129" count="5" type="stmt"/>
        <line num="133" count="32" type="stmt"/>
        <line num="136" count="36" type="stmt"/>
        <line num="137" count="36" type="stmt"/>
        <line num="138" count="36" type="stmt"/>
        <line num="142" count="100" type="stmt"/>
        <line num="145" count="3" type="stmt"/>
        <line num="147" count="3" type="cond" truecount="2" falsecount="0"/>
        <line num="148" count="2" type="stmt"/>
        <line num="151" count="1" type="stmt"/>
        <line num="153" count="1" type="stmt"/>
        <line num="165" count="100" type="stmt"/>
        <line num="168" count="4" type="stmt"/>
        <line num="170" count="4" type="cond" truecount="2" falsecount="0"/>
        <line num="171" count="1" type="stmt"/>
        <line num="174" count="3" type="stmt"/>
        <line num="176" count="3" type="stmt"/>
        <line num="177" count="3" type="stmt"/>
        <line num="178" count="3" type="stmt"/>
        <line num="191" count="0" type="stmt"/>
        <line num="197" count="3" type="stmt"/>
        <line num="199" count="3" type="stmt"/>
      </file>
      <file name="projects.ts" path="/workspace/api/src/routes/projects.ts">
        <metrics statements="8" coveredstatements="8" conditionals="2" coveredconditionals="2" methods="4" coveredmethods="4"/>
        <line num="5" count="100" type="stmt"/>
        <line num="6" count="2" type="stmt"/>
        <line num="9" count="100" type="stmt"/>
        <line num="18" count="102" type="stmt"/>
        <line num="22" count="100" type="stmt"/>
        <line num="23" count="59" type="cond" truecount="2" falsecount="0"/>
        <line num="24" count="1" type="stmt"/>
        <line num="26" count="58" type="stmt"/>
      </file>
      <file name="tasks.ts" path="/workspace/api/src/routes/tasks.ts">
        <metrics statements="46" coveredstatements="46" conditionals="35" coveredconditionals="35" methods="7" coveredmethods="7"/>
        <line num="15" count="2" type="stmt"/>
        <line num="31" count="100" type="stmt"/>
        <line num="35" count="36" type="stmt"/>
        <line num="36" count="36" type="stmt"/>
        <line num="45" count="100" type="stmt"/>
        <line num="56" count="84" type="stmt"/>
        <line num="57" count="84" type="cond" truecount="2" falsecount="0"/>
        <line num="58" count="29" type="stmt"/>
        <line num="59" count="29" type="cond" truecount="4" falsecount="0"/>
        <line num="60" count="2" type="stmt"/>
        <line num="61" count="27" type="cond" truecount="2" falsecount="0"/>
        <line num="62" count="27" type="stmt"/>
        <line num="64" count="81" type="stmt"/>
        <line num="80" count="81" type="stmt"/>
        <line num="81" count="81" type="stmt"/>
        <line num="86" count="100" type="stmt"/>
        <line num="109" count="3" type="stmt"/>
        <line num="110" count="3" type="stmt"/>
        <line num="111" count="3" type="stmt"/>
        <line num="116" count="100" type="stmt"/>
        <line num="117" count="18" type="stmt"/>
        <line num="118" count="18" type="cond" truecount="2" falsecount="0"/>
        <line num="119" count="15" type="stmt"/>
        <line num="122" count="100" type="stmt"/>
        <line num="132" count="17" type="cond" truecount="2" falsecount="0"/>
        <line num="133" count="5" type="cond" truecount="4" falsecount="0"/>
        <line num="135" count="2" type="stmt"/>
        <line num="137" count="3" type="stmt"/>
        <line num="138" count="3" type="stmt"/>
        <line num="139" count="3" type="cond" truecount="5" falsecount="0"/>
        <line num="140" count="1" type="stmt"/>
        <line num="141" count="2" type="cond" truecount="2" falsecount="0"/>
        <line num="142" count="2" type="stmt"/>
        <line num="144" count="13" type="stmt"/>
        <line num="159" count="13" type="cond" truecount="2" falsecount="0"/>
        <line num="160" count="10" type="stmt"/>
        <line num="161" count="10" type="cond" truecount="4" falsecount="0"/>
        <line num="162" count="6" type="stmt"/>
        <line num="163" count="23" type="stmt"/>
        <line num="166" count="10" type="stmt"/>
        <line num="171" count="100" type="stmt"/>
        <line num="172" count="2" type="stmt"/>
        <line num="173" count="2" type="cond" truecount="2" falsecount="0"/>
        <line num="174" count="1" type="stmt"/>
        <line num="175" count="1" type="stmt"/>
        <line num="176" count="1" type="stmt"/>
      </file>
    </package>
    <package name="src.services">
      <metrics statements="120" coveredstatements="120" conditionals="98" coveredconditionals="90" methods="25" coveredmethods="25"/>
      <file name="projectService.ts" path="/workspace/api/src/services/projectService.ts">
        <metrics statements="8" coveredstatements="8" conditionals="2" coveredconditionals="2" methods="5" coveredmethods="5"/>
        <line num="12" count="145" type="stmt"/>
        <line num="16" count="5" type="stmt"/>
        <line num="17" count="5" type="stmt"/>
        <line num="21" count="44" type="stmt"/>
        <line num="22" count="44" type="cond" truecount="2" falsecount="0"/>
        <line num="26" count="104" type="stmt"/>
        <line num="27" count="104" type="stmt"/>
        <line num="33" count="62" type="stmt"/>
      </file>
      <file name="taskService.ts" path="/workspace/api/src/services/taskService.ts">
        <metrics statements="112" coveredstatements="112" conditionals="96" coveredconditionals="88" methods="20" coveredmethods="20"/>
        <line num="25" count="407" type="stmt"/>
        <line num="48" count="407" type="stmt"/>
        <line num="49" count="281" type="cond" truecount="2" falsecount="0"/>
        <line num="51" count="407" type="stmt"/>
        <line num="52" count="276" type="stmt"/>
        <line num="58" count="276" type="stmt"/>
        <line num="64" count="276" type="stmt"/>
        <line num="65" count="276" type="stmt"/>
        <line num="67" count="276" type="stmt"/>
        <line num="68" count="11" type="cond" truecount="2" falsecount="0"/>
        <line num="69" count="11" type="stmt"/>
        <line num="70" count="11" type="stmt"/>
        <line num="72" count="276" type="stmt"/>
        <line num="73" count="7" type="cond" truecount="2" falsecount="0"/>
        <line num="74" count="7" type="stmt"/>
        <line num="75" count="7" type="stmt"/>
        <line num="78" count="407" type="stmt"/>
        <line num="97" count="46" type="stmt"/>
        <line num="98" count="46" type="stmt"/>
        <line num="100" count="46" type="cond" truecount="2" falsecount="0"/>
        <line num="101" count="3" type="stmt"/>
        <line num="102" count="3" type="stmt"/>
        <line num="104" count="46" type="cond" truecount="2" falsecount="0"/>
        <line num="105" count="1" type="stmt"/>
        <line num="106" count="1" type="stmt"/>
        <line num="108" count="46" type="cond" truecount="2" falsecount="0"/>
        <line num="109" count="1" type="stmt"/>
        <line num="110" count="1" type="stmt"/>
        <line num="113" count="46" type="stmt"/>
        <line num="115" count="46" type="stmt"/>
        <line num="118" count="46" type="cond" truecount="2" falsecount="0"/>
        <line num="119" count="46" type="cond" truecount="2" falsecount="0"/>
        <line num="121" count="46" type="stmt"/>
        <line num="125" count="46" type="stmt"/>
        <line num="126" count="46" type="stmt"/>
        <line num="130" count="243" type="stmt"/>
        <line num="131" count="243" type="cond" truecount="2" falsecount="0"/>
        <line num="132" count="235" type="stmt"/>
        <line num="155" count="135" type="stmt"/>
        <line num="160" count="135" type="stmt"/>
        <line num="181" count="135" type="cond" truecount="2" falsecount="0"/>
        <line num="182" count="5" type="stmt"/>
        <line num="185" count="5" type="stmt"/>
        <line num="186" count="5" type="stmt"/>
        <line num="190" count="134" type="cond" truecount="4" falsecount="0"/>
        <line num="191" count="37" type="stmt"/>
        <line num="194" count="134" type="stmt"/>
        <line num="200" count="3" type="stmt"/>
        <line num="211" count="2" type="cond" truecount="2" falsecount="0"/>
        <line num="216" count="20" type="stmt"/>
        <line num="217" count="20" type="cond" truecount="2" falsecount="0"/>
        <line num="219" count="16" type="stmt"/>
        <line num="220" count="16" type="stmt"/>
        <line num="221" count="16" type="stmt"/>
        <line num="222" count="192" type="cond" truecount="2" falsecount="0"/>
        <line num="223" count="23" type="stmt"/>
        <line num="224" count="23" type="cond" truecount="2" falsecount="0"/>
        <line num="228" count="16" type="cond" truecount="2" falsecount="0"/>
        <line num="229" count="14" type="stmt"/>
        <line num="232" count="16" type="cond" truecount="2" falsecount="0"/>
        <line num="233" count="2" type="stmt"/>
        <line num="234" count="2" type="stmt"/>
        <line num="237" count="2" type="stmt"/>
        <line num="238" count="2" type="stmt"/>
        <line num="242" count="16" type="cond" truecount="4" falsecount="0"/>
        <line num="243" count="9" type="stmt"/>
        <line num="246" count="16" type="stmt"/>
        <line num="250" count="179" type="stmt"/>
        <line num="251" count="179" type="cond" truecount="2" falsecount="0"/>
        <line num="252" count="131" type="stmt"/>
        <line num="254" count="131" type="stmt"/>
        <line num="258" count="133" type="stmt"/>
        <line num="259" count="133" type="stmt"/>
        <line num="260" count="131" type="cond" truecount="4" falsecount="0"/>
        <line num="262" count="128" type="cond" truecount="1" falsecount="1"/>
        <line num="263" count="179" type="cond" truecount="1" falsecount="1"/>
        <line num="265" count="179" type="stmt"/>
        <line num="266" count="179" type="stmt"/>
        <line num="267" count="179" type="cond" truecount="2" falsecount="0"/>
        <line num="268" count="128" type="cond" truecount="1" falsecount="1"/>
        <line num="270" count="128" type="cond" truecount="1" falsecount="1"/>
        <line num="271" count="128" type="stmt"/>
        <line num="272" count="128" type="stmt"/>
        <line num="277" count="6" type="stmt"/>
        <line num="278" count="6" type="stmt"/>
        <line num="279" count="6" type="stmt"/>
        <line num="280" count="6" type="stmt"/>
        <line num="281" count="29" type="cond" truecount="1" falsecount="1"/>
        <line num="282" count="29" type="stmt"/>
        <line num="283" count="29" type="stmt"/>
        <line num="284" count="29" type="cond" truecount="2" falsecount="0"/>
        <line num="285" count="23" type="stmt"/>
        <line num="286" count="23" type="cond" truecount="1" falsecount="1"/>
        <line num="287" count="23" type="stmt"/>
        <line num="288" count="23" type="stmt"/>
        <line num="290" count="6" type="stmt"/>
        <line num="294" count="6" type="stmt"/>
        <line num="295" count="6" type="stmt"/>
        <line num="299" count="4" type="stmt"/>
        <line num="300" count="4" type="stmt"/>
        <line num="301" count="4" type="stmt"/>
        <line num="302" count="6" type="cond" truecount="2" falsecount="0"/>
        <line num="303" count="5" type="cond" truecount="1" falsecount="1"/>
        <line num="304" count="5" type="stmt"/>
        <line num="305" count="5" type="stmt"/>
        <line num="306" count="5" type="cond" truecount="1" falsecount="1"/>
        <line num="307" count="5" type="stmt"/>
        <line num="309" count="3" type="stmt"/>
        <line num="313" count="5" type="stmt"/>
        <line num="314" count="5" type="stmt"/>
        <line num="315" count="5" type="stmt"/>
        <line num="316" count="7" type="stmt"/>
      </file>
    </package>
  </project>
</coverage>
