{"/workspace/api/dist/__tests__/helpers.js": {"path":"/workspace/api/dist/__tests__/helpers.js","statementMap":{"0":{"start":{"line":5,"column":17},"end":{"line":5,"column":57}},"1":{"start":{"line":8,"column":15},"end":{"line":8,"column":39}},"2":{"start":{"line":9,"column":4},"end":{"line":9,"column":null}},"3":{"start":{"line":10,"column":4},"end":{"line":10,"column":null}},"4":{"start":{"line":11,"column":18},"end":{"line":11,"column":90}},"5":{"start":{"line":12,"column":4},"end":{"line":12,"column":null}},"6":{"start":{"line":13,"column":18},"end":{"line":13,"column":92}},"7":{"start":{"line":14,"column":4},"end":{"line":14,"column":null}},"8":{"start":{"line":15,"column":18},"end":{"line":15,"column":95}},"9":{"start":{"line":16,"column":4},"end":{"line":16,"column":null}},"10":{"start":{"line":17,"column":4},"end":{"line":17,"column":null}}},"fnMap":{"0":{"name":"createTestDb","decl":{"start":{"line":7,"column":16},"end":{"line":7,"column":28}},"loc":{"start":{"line":7,"column":31},"end":{"line":18,"column":null}},"line":7}},"branchMap":{},"s":{"0":4,"1":120,"2":120,"3":120,"4":120,"5":120,"6":120,"7":120,"8":120,"9":120,"10":120},"f":{"0":120},"b":{},"meta":{"lastBranch":0,"lastFunction":1,"lastStatement":11,"seen":{"s:5:17:5:57":0,"f:7:16:7:28":0,"s:8:15:8:39":1,"s:9:4:9:Infinity":2,"s:10:4:10:Infinity":3,"s:11:18:11:90":4,"s:12:4:12:Infinity":5,"s:13:18:13:92":6,"s:14:4:14:Infinity":7,"s:15:18:15:95":8,"s:16:4:16:Infinity":9,"s:17:4:17:Infinity":10}}}
,"/workspace/api/dist/plugins/auth.js": {"path":"/workspace/api/dist/plugins/auth.js","statementMap":{"0":{"start":{"line":2,"column":4},"end":{"line":7,"column":null}},"1":{"start":{"line":3,"column":8},"end":{"line":5,"column":null}},"2":{"start":{"line":4,"column":12},"end":{"line":4,"column":null}},"3":{"start":{"line":6,"column":8},"end":{"line":6,"column":null}}},"fnMap":{"0":{"name":"authPlugin","decl":{"start":{"line":1,"column":22},"end":{"line":1,"column":32}},"loc":{"start":{"line":1,"column":42},"end":{"line":9,"column":null}},"line":1},"1":{"name":"(anonymous_1)","decl":{"start":{"line":3,"column":38},"end":{"line":3,"column":43}},"loc":{"start":{"line":3,"column":53},"end":{"line":5,"column":9}},"line":3}},"branchMap":{"0":{"loc":{"start":{"line":2,"column":4},"end":{"line":7,"column":null}},"type":"if","locations":[{"start":{"line":2,"column":4},"end":{"line":7,"column":null}},{"start":{},"end":{}}],"line":2}},"s":{"0":85,"1":85,"2":0,"3":85},"f":{"0":85,"1":0},"b":{"0":[85,0]},"meta":{"lastBranch":1,"lastFunction":2,"lastStatement":4,"seen":{"f:1:22:1:32":0,"b:2:4:7:Infinity:undefined:undefined:undefined:undefined":0,"s:2:4:7:Infinity":0,"s:3:8:5:Infinity":1,"f:3:38:3:43":1,"s:4:12:4:Infinity":2,"s:6:8:6:Infinity":3}}}
,"/workspace/api/dist/routes/health.js": {"path":"/workspace/api/dist/routes/health.js","statementMap":{"0":{"start":{"line":3,"column":4},"end":{"line":6,"column":null}},"1":{"start":{"line":4,"column":8},"end":{"line":4,"column":null}},"2":{"start":{"line":5,"column":8},"end":{"line":5,"column":null}}},"fnMap":{"0":{"name":"healthRoutes","decl":{"start":{"line":2,"column":22},"end":{"line":2,"column":34}},"loc":{"start":{"line":2,"column":44},"end":{"line":7,"column":null}},"line":2},"1":{"name":"(anonymous_1)","decl":{"start":{"line":3,"column":27},"end":{"line":3,"column":32}},"loc":{"start":{"line":3,"column":39},"end":{"line":6,"column":5}},"line":3}},"branchMap":{},"s":{"0":85,"1":1,"2":1},"f":{"0":85,"1":1},"b":{},"meta":{"lastBranch":0,"lastFunction":2,"lastStatement":3,"seen":{"f:2:22:2:34":0,"s:3:4:6:Infinity":0,"f:3:27:3:32":1,"s:4:8:4:Infinity":1,"s:5:8:5:Infinity":2}}}
,"/workspace/api/dist/routes/importExport.js": {"path":"/workspace/api/dist/routes/importExport.js","statementMap":{"0":{"start":{"line":6,"column":20},"end":{"line":6,"column":136}},"1":{"start":{"line":8,"column":4},"end":{"line":10,"column":null}},"2":{"start":{"line":9,"column":8},"end":{"line":9,"column":null}},"3":{"start":{"line":11,"column":4},"end":{"line":11,"column":null}},"4":{"start":{"line":13,"column":23},"end":{"line":13,"column":63}},"5":{"start":{"line":14,"column":25},"end":{"line":14,"column":71}},"6":{"start":{"line":16,"column":14},"end":{"line":16,"column":29}},"7":{"start":{"line":17,"column":4},"end":{"line":17,"column":null}},"8":{"start":{"line":20,"column":14},"end":{"line":20,"column":29}},"9":{"start":{"line":21,"column":4},"end":{"line":21,"column":null}},"10":{"start":{"line":24,"column":14},"end":{"line":24,"column":23}},"11":{"start":{"line":25,"column":4},"end":{"line":25,"column":null}},"12":{"start":{"line":28,"column":4},"end":{"line":28,"column":null}},"13":{"start":{"line":31,"column":4},"end":{"line":31,"column":null}},"14":{"start":{"line":34,"column":4},"end":{"line":105,"column":null}},"15":{"start":{"line":35,"column":21},"end":{"line":35,"column":29}},"16":{"start":{"line":36,"column":8},"end":{"line":38,"column":null}},"17":{"start":{"line":37,"column":12},"end":{"line":37,"column":null}},"18":{"start":{"line":39,"column":26},"end":{"line":39,"column":39}},"19":{"start":{"line":40,"column":23},"end":{"line":40,"column":45}},"20":{"start":{"line":41,"column":8},"end":{"line":43,"column":null}},"21":{"start":{"line":42,"column":12},"end":{"line":42,"column":null}},"22":{"start":{"line":44,"column":26},"end":{"line":44,"column":49}},"23":{"start":{"line":45,"column":27},"end":{"line":45,"column":37}},"24":{"start":{"line":47,"column":8},"end":{"line":49,"column":null}},"25":{"start":{"line":48,"column":12},"end":{"line":48,"column":null}},"26":{"start":{"line":51,"column":23},"end":{"line":52,"column":29}},"27":{"start":{"line":54,"column":22},"end":{"line":54,"column":31}},"28":{"start":{"line":55,"column":23},"end":{"line":61,"column":10}},"29":{"start":{"line":56,"column":25},"end":{"line":56,"column":34}},"30":{"start":{"line":57,"column":26},"end":{"line":57,"column":81}},"31":{"start":{"line":58,"column":12},"end":{"line":59,"column":null}},"32":{"start":{"line":59,"column":16},"end":{"line":59,"column":null}},"33":{"start":{"line":60,"column":12},"end":{"line":60,"column":null}},"34":{"start":{"line":62,"column":25},"end":{"line":101,"column":10}},"35":{"start":{"line":64,"column":31},"end":{"line":69,"column":10}},"36":{"start":{"line":70,"column":12},"end":{"line":72,"column":null}},"37":{"start":{"line":71,"column":16},"end":{"line":71,"column":null}},"38":{"start":{"line":74,"column":30},"end":{"line":74,"column":87}},"39":{"start":{"line":75,"column":12},"end":{"line":80,"column":null}},"40":{"start":{"line":76,"column":36},"end":{"line":76,"column":92}},"41":{"start":{"line":77,"column":36},"end":{"line":77,"column":89}},"42":{"start":{"line":78,"column":16},"end":{"line":79,"column":null}},"43":{"start":{"line":79,"column":20},"end":{"line":79,"column":null}},"44":{"start":{"line":82,"column":30},"end":{"line":82,"column":120}},"45":{"start":{"line":83,"column":12},"end":{"line":92,"column":null}},"46":{"start":{"line":84,"column":30},"end":{"line":84,"column":87}},"47":{"start":{"line":85,"column":16},"end":{"line":91,"column":null}},"48":{"start":{"line":86,"column":20},"end":{"line":87,"column":null}},"49":{"start":{"line":87,"column":24},"end":{"line":87,"column":null}},"50":{"start":{"line":88,"column":38},"end":{"line":88,"column":58}},"51":{"start":{"line":89,"column":20},"end":{"line":90,"column":null}},"52":{"start":{"line":90,"column":24},"end":{"line":90,"column":null}},"53":{"start":{"line":94,"column":12},"end":{"line":99,"column":null}},"54":{"start":{"line":95,"column":36},"end":{"line":95,"column":92}},"55":{"start":{"line":96,"column":16},"end":{"line":98,"column":null}},"56":{"start":{"line":97,"column":19},"end":{"line":97,"column":null}},"57":{"start":{"line":100,"column":12},"end":{"line":100,"column":null}},"58":{"start":{"line":102,"column":25},"end":{"line":102,"column":35}},"59":{"start":{"line":103,"column":7},"end":{"line":103,"column":null}},"60":{"start":{"line":104,"column":8},"end":{"line":104,"column":null}},"61":{"start":{"line":106,"column":4},"end":{"line":121,"column":null}},"62":{"start":{"line":107,"column":23},"end":{"line":107,"column":49}},"63":{"start":{"line":108,"column":8},"end":{"line":110,"column":null}},"64":{"start":{"line":109,"column":12},"end":{"line":109,"column":null}},"65":{"start":{"line":111,"column":25},"end":{"line":111,"column":69}},"66":{"start":{"line":112,"column":8},"end":{"line":120,"column":null}},"67":{"start":{"line":122,"column":4},"end":{"line":151,"column":null}},"68":{"start":{"line":123,"column":23},"end":{"line":123,"column":49}},"69":{"start":{"line":124,"column":8},"end":{"line":126,"column":null}},"70":{"start":{"line":125,"column":12},"end":{"line":125,"column":null}},"71":{"start":{"line":127,"column":25},"end":{"line":127,"column":69}},"72":{"start":{"line":128,"column":25},"end":{"line":128,"column":65}},"73":{"start":{"line":128,"column":48},"end":{"line":128,"column":63}},"74":{"start":{"line":129,"column":21},"end":{"line":145,"column":23}},"75":{"start":{"line":129,"column":36},"end":{"line":145,"column":22}},"76":{"start":{"line":142,"column":36},"end":{"line":142,"column":51}},"77":{"start":{"line":142,"column":65},"end":{"line":142,"column":74}},"78":{"start":{"line":146,"column":20},"end":{"line":146,"column":53}},"79":{"start":{"line":147,"column":8},"end":{"line":150,"column":null}}},"fnMap":{"0":{"name":"escapeCsv","decl":{"start":{"line":7,"column":9},"end":{"line":7,"column":18}},"loc":{"start":{"line":7,"column":24},"end":{"line":12,"column":null}},"line":7},"1":{"name":"toStatus","decl":{"start":{"line":15,"column":9},"end":{"line":15,"column":17}},"loc":{"start":{"line":15,"column":21},"end":{"line":18,"column":null}},"line":15},"2":{"name":"toPriority","decl":{"start":{"line":19,"column":9},"end":{"line":19,"column":19}},"loc":{"start":{"line":19,"column":23},"end":{"line":22,"column":null}},"line":19},"3":{"name":"toProgress","decl":{"start":{"line":23,"column":9},"end":{"line":23,"column":19}},"loc":{"start":{"line":23,"column":23},"end":{"line":26,"column":null}},"line":23},"4":{"name":"toStr","decl":{"start":{"line":27,"column":9},"end":{"line":27,"column":14}},"loc":{"start":{"line":27,"column":18},"end":{"line":29,"column":null}},"line":27},"5":{"name":"toNullableStr","decl":{"start":{"line":30,"column":9},"end":{"line":30,"column":22}},"loc":{"start":{"line":30,"column":26},"end":{"line":32,"column":null}},"line":30},"6":{"name":"importExportRoutes","decl":{"start":{"line":33,"column":22},"end":{"line":33,"column":40}},"loc":{"start":{"line":33,"column":50},"end":{"line":152,"column":null}},"line":33},"7":{"name":"(anonymous_7)","decl":{"start":{"line":34,"column":41},"end":{"line":34,"column":46}},"loc":{"start":{"line":34,"column":63},"end":{"line":105,"column":5}},"line":34},"8":{"name":"(anonymous_8)","decl":{"start":{"line":55,"column":38},"end":{"line":55,"column":42}},"loc":{"start":{"line":55,"column":46},"end":{"line":61,"column":9}},"line":55},"9":{"name":"(anonymous_9)","decl":{"start":{"line":62,"column":40},"end":{"line":62,"column":41}},"loc":{"start":{"line":62,"column":46},"end":{"line":101,"column":9}},"line":62},"10":{"name":"(anonymous_10)","decl":{"start":{"line":70,"column":31},"end":{"line":70,"column":32}},"loc":{"start":{"line":70,"column":44},"end":{"line":72,"column":13}},"line":70},"11":{"name":"(anonymous_11)","decl":{"start":{"line":75,"column":31},"end":{"line":75,"column":32}},"loc":{"start":{"line":75,"column":44},"end":{"line":80,"column":13}},"line":75},"12":{"name":"(anonymous_12)","decl":{"start":{"line":83,"column":31},"end":{"line":83,"column":32}},"loc":{"start":{"line":83,"column":44},"end":{"line":92,"column":13}},"line":83},"13":{"name":"(anonymous_13)","decl":{"start":{"line":94,"column":31},"end":{"line":94,"column":32}},"loc":{"start":{"line":94,"column":44},"end":{"line":99,"column":13}},"line":94},"14":{"name":"(anonymous_14)","decl":{"start":{"line":106,"column":45},"end":{"line":106,"column":50}},"loc":{"start":{"line":106,"column":67},"end":{"line":121,"column":5}},"line":106},"15":{"name":"(anonymous_15)","decl":{"start":{"line":122,"column":44},"end":{"line":122,"column":49}},"loc":{"start":{"line":122,"column":66},"end":{"line":151,"column":5}},"line":122},"16":{"name":"(anonymous_16)","decl":{"start":{"line":128,"column":43},"end":{"line":128,"column":44}},"loc":{"start":{"line":128,"column":48},"end":{"line":128,"column":63}},"line":128},"17":{"name":"(anonymous_17)","decl":{"start":{"line":129,"column":31},"end":{"line":129,"column":32}},"loc":{"start":{"line":129,"column":36},"end":{"line":145,"column":22}},"line":129},"18":{"name":"(anonymous_18)","decl":{"start":{"line":142,"column":31},"end":{"line":142,"column":32}},"loc":{"start":{"line":142,"column":36},"end":{"line":142,"column":51}},"line":142},"19":{"name":"(anonymous_19)","decl":{"start":{"line":142,"column":60},"end":{"line":142,"column":61}},"loc":{"start":{"line":142,"column":65},"end":{"line":142,"column":74}},"line":142}},"branchMap":{"0":{"loc":{"start":{"line":8,"column":4},"end":{"line":10,"column":null}},"type":"if","locations":[{"start":{"line":8,"column":4},"end":{"line":10,"column":null}},{"start":{},"end":{}}],"line":8},"1":{"loc":{"start":{"line":8,"column":8},"end":{"line":8,"column":68}},"type":"binary-expr","locations":[{"start":{"line":8,"column":8},"end":{"line":8,"column":25}},{"start":{"line":8,"column":29},"end":{"line":8,"column":46}},{"start":{"line":8,"column":50},"end":{"line":8,"column":68}}],"line":8},"2":{"loc":{"start":{"line":16,"column":21},"end":{"line":16,"column":28}},"type":"binary-expr","locations":[{"start":{"line":16,"column":21},"end":{"line":16,"column":22}},{"start":{"line":16,"column":26},"end":{"line":16,"column":28}}],"line":16},"3":{"loc":{"start":{"line":17,"column":11},"end":{"line":17,"column":45}},"type":"cond-expr","locations":[{"start":{"line":17,"column":35},"end":{"line":17,"column":36}},{"start":{"line":17,"column":39},"end":{"line":17,"column":45}}],"line":17},"4":{"loc":{"start":{"line":20,"column":21},"end":{"line":20,"column":28}},"type":"binary-expr","locations":[{"start":{"line":20,"column":21},"end":{"line":20,"column":22}},{"start":{"line":20,"column":26},"end":{"line":20,"column":28}}],"line":20},"5":{"loc":{"start":{"line":21,"column":11},"end":{"line":21,"column":49}},"type":"cond-expr","locations":[{"start":{"line":21,"column":37},"end":{"line":21,"column":38}},{"start":{"line":21,"column":41},"end":{"line":21,"column":49}}],"line":21},"6":{"loc":{"start":{"line":25,"column":11},"end":{"line":25,"column":67}},"type":"cond-expr","locations":[{"start":{"line":25,"column":22},"end":{"line":25,"column":23}},{"start":{"line":25,"column":26},"end":{"line":25,"column":67}}],"line":25},"7":{"loc":{"start":{"line":28,"column":11},"end":{"line":28,"column":37}},"type":"cond-expr","locations":[{"start":{"line":28,"column":23},"end":{"line":28,"column":25}},{"start":{"line":28,"column":28},"end":{"line":28,"column":37}}],"line":28},"8":{"loc":{"start":{"line":31,"column":11},"end":{"line":31,"column":51}},"type":"cond-expr","locations":[{"start":{"line":31,"column":35},"end":{"line":31,"column":39}},{"start":{"line":31,"column":42},"end":{"line":31,"column":51}}],"line":31},"9":{"loc":{"start":{"line":31,"column":11},"end":{"line":31,"column":32}},"type":"binary-expr","locations":[{"start":{"line":31,"column":11},"end":{"line":31,"column":20}},{"start":{"line":31,"column":24},"end":{"line":31,"column":32}}],"line":31},"10":{"loc":{"start":{"line":36,"column":8},"end":{"line":38,"column":null}},"type":"if","locations":[{"start":{"line":36,"column":8},"end":{"line":38,"column":null}},{"start":{},"end":{}}],"line":36},"11":{"loc":{"start":{"line":36,"column":12},"end":{"line":36,"column":47}},"type":"binary-expr","locations":[{"start":{"line":36,"column":12},"end":{"line":36,"column":17}},{"start":{"line":36,"column":21},"end":{"line":36,"column":47}}],"line":36},"12":{"loc":{"start":{"line":41,"column":8},"end":{"line":43,"column":null}},"type":"if","locations":[{"start":{"line":41,"column":8},"end":{"line":43,"column":null}},{"start":{},"end":{}}],"line":41},"13":{"loc":{"start":{"line":47,"column":8},"end":{"line":49,"column":null}},"type":"if","locations":[{"start":{"line":47,"column":8},"end":{"line":49,"column":null}},{"start":{},"end":{}}],"line":47},"14":{"loc":{"start":{"line":51,"column":23},"end":{"line":52,"column":29}},"type":"cond-expr","locations":[{"start":{"line":51,"column":35},"end":{"line":51,"column":36}},{"start":{"line":51,"column":39},"end":{"line":52,"column":29}}],"line":51},"15":{"loc":{"start":{"line":57,"column":26},"end":{"line":57,"column":81}},"type":"cond-expr","locations":[{"start":{"line":57,"column":67},"end":{"line":57,"column":74}},{"start":{"line":57,"column":77},"end":{"line":57,"column":81}}],"line":57},"16":{"loc":{"start":{"line":57,"column":26},"end":{"line":57,"column":64}},"type":"binary-expr","locations":[{"start":{"line":57,"column":26},"end":{"line":57,"column":53}},{"start":{"line":57,"column":57},"end":{"line":57,"column":64}}],"line":57},"17":{"loc":{"start":{"line":58,"column":12},"end":{"line":59,"column":null}},"type":"if","locations":[{"start":{"line":58,"column":12},"end":{"line":59,"column":null}},{"start":{},"end":{}}],"line":58},"18":{"loc":{"start":{"line":71,"column":277},"end":{"line":71,"column":301}},"type":"cond-expr","locations":[{"start":{"line":71,"column":296},"end":{"line":71,"column":297}},{"start":{"line":71,"column":300},"end":{"line":71,"column":301}}],"line":71},"19":{"loc":{"start":{"line":76,"column":36},"end":{"line":76,"column":92}},"type":"cond-expr","locations":[{"start":{"line":76,"column":72},"end":{"line":76,"column":85}},{"start":{"line":76,"column":88},"end":{"line":76,"column":92}}],"line":76},"20":{"loc":{"start":{"line":77,"column":36},"end":{"line":77,"column":89}},"type":"cond-expr","locations":[{"start":{"line":77,"column":51},"end":{"line":77,"column":81}},{"start":{"line":77,"column":85},"end":{"line":77,"column":89}}],"line":77},"21":{"loc":{"start":{"line":77,"column":51},"end":{"line":77,"column":81}},"type":"binary-expr","locations":[{"start":{"line":77,"column":51},"end":{"line":77,"column":73}},{"start":{"line":77,"column":77},"end":{"line":77,"column":81}}],"line":77},"22":{"loc":{"start":{"line":78,"column":16},"end":{"line":79,"column":null}},"type":"if","locations":[{"start":{"line":78,"column":16},"end":{"line":79,"column":null}},{"start":{},"end":{}}],"line":78},"23":{"loc":{"start":{"line":84,"column":30},"end":{"line":84,"column":87}},"type":"cond-expr","locations":[{"start":{"line":84,"column":65},"end":{"line":84,"column":82}},{"start":{"line":84,"column":85},"end":{"line":84,"column":87}}],"line":84},"24":{"loc":{"start":{"line":86,"column":20},"end":{"line":87,"column":null}},"type":"if","locations":[{"start":{"line":86,"column":20},"end":{"line":87,"column":null}},{"start":{},"end":{}}],"line":86},"25":{"loc":{"start":{"line":89,"column":20},"end":{"line":90,"column":null}},"type":"if","locations":[{"start":{"line":89,"column":20},"end":{"line":90,"column":null}},{"start":{},"end":{}}],"line":89},"26":{"loc":{"start":{"line":95,"column":36},"end":{"line":95,"column":92}},"type":"cond-expr","locations":[{"start":{"line":95,"column":72},"end":{"line":95,"column":85}},{"start":{"line":95,"column":88},"end":{"line":95,"column":92}}],"line":95},"27":{"loc":{"start":{"line":96,"column":16},"end":{"line":98,"column":null}},"type":"if","locations":[{"start":{"line":96,"column":16},"end":{"line":98,"column":null}},{"start":{},"end":{}}],"line":96},"28":{"loc":{"start":{"line":96,"column":20},"end":{"line":96,"column":57}},"type":"binary-expr","locations":[{"start":{"line":96,"column":20},"end":{"line":96,"column":31}},{"start":{"line":96,"column":35},"end":{"line":96,"column":57}}],"line":96},"29":{"loc":{"start":{"line":108,"column":8},"end":{"line":110,"column":null}},"type":"if","locations":[{"start":{"line":108,"column":8},"end":{"line":110,"column":null}},{"start":{},"end":{}}],"line":108},"30":{"loc":{"start":{"line":124,"column":8},"end":{"line":126,"column":null}},"type":"if","locations":[{"start":{"line":124,"column":8},"end":{"line":126,"column":null}},{"start":{},"end":{}}],"line":124},"31":{"loc":{"start":{"line":131,"column":12},"end":{"line":131,"column":76}},"type":"cond-expr","locations":[{"start":{"line":131,"column":33},"end":{"line":131,"column":71}},{"start":{"line":131,"column":74},"end":{"line":131,"column":76}}],"line":131},"32":{"loc":{"start":{"line":131,"column":40},"end":{"line":131,"column":70}},"type":"binary-expr","locations":[{"start":{"line":131,"column":40},"end":{"line":131,"column":64}},{"start":{"line":131,"column":68},"end":{"line":131,"column":70}}],"line":131},"33":{"loc":{"start":{"line":139,"column":12},"end":{"line":139,"column":29}},"type":"binary-expr","locations":[{"start":{"line":139,"column":12},"end":{"line":139,"column":23}},{"start":{"line":139,"column":27},"end":{"line":139,"column":29}}],"line":139},"34":{"loc":{"start":{"line":140,"column":12},"end":{"line":140,"column":27}},"type":"binary-expr","locations":[{"start":{"line":140,"column":12},"end":{"line":140,"column":21}},{"start":{"line":140,"column":25},"end":{"line":140,"column":27}}],"line":140},"35":{"loc":{"start":{"line":141,"column":12},"end":{"line":141,"column":37}},"type":"cond-expr","locations":[{"start":{"line":141,"column":28},"end":{"line":141,"column":31}},{"start":{"line":141,"column":34},"end":{"line":141,"column":37}}],"line":141}},"s":{"0":2,"1":13,"2":0,"3":13,"4":2,"5":2,"6":144,"7":144,"8":144,"9":144,"10":144,"11":144,"12":576,"13":288,"14":85,"15":34,"16":34,"17":3,"18":31,"19":31,"20":31,"21":1,"22":30,"23":30,"24":30,"25":3,"26":30,"27":34,"28":34,"29":144,"30":144,"31":144,"32":17,"33":144,"34":34,"35":30,"36":30,"37":144,"38":30,"39":30,"40":144,"41":144,"42":144,"43":5,"44":30,"45":30,"46":144,"47":144,"48":3,"49":0,"50":3,"51":3,"52":2,"53":30,"54":144,"55":144,"56":5,"57":30,"58":34,"59":34,"60":34,"61":85,"62":2,"63":2,"64":1,"65":1,"66":1,"67":85,"68":1,"69":1,"70":0,"71":1,"72":1,"73":1,"74":1,"75":1,"76":0,"77":0,"78":1,"79":1},"f":{"0":13,"1":144,"2":144,"3":144,"4":576,"5":288,"6":85,"7":34,"8":144,"9":30,"10":144,"11":144,"12":144,"13":144,"14":2,"15":1,"16":1,"17":1,"18":0,"19":0},"b":{"0":[0,13],"1":[13,13,13],"2":[144,135],"3":[8,136],"4":[144,136],"5":[7,137],"6":[139,5],"7":[431,145],"8":[276,12],"9":[288,12],"10":[3,31],"11":[34,34],"12":[1,30],"13":[3,27],"14":[3,27],"15":[17,127],"16":[144,17],"17":[17,127],"18":[1,143],"19":[6,138],"20":[6,138],"21":[6,1],"22":[5,139],"23":[5,139],"24":[0,3],"25":[2,1],"26":[6,138],"27":[5,139],"28":[144,6],"29":[1,1],"30":[0,1],"31":[0,1],"32":[0,0],"33":[1,1],"34":[1,1],"35":[0,1]},"meta":{"lastBranch":36,"lastFunction":20,"lastStatement":80,"seen":{"s:6:20:6:136":0,"f:7:9:7:18":0,"b:8:4:10:Infinity:undefined:undefined:undefined:undefined":0,"s:8:4:10:Infinity":1,"b:8:8:8:25:8:29:8:46:8:50:8:68":1,"s:9:8:9:Infinity":2,"s:11:4:11:Infinity":3,"s:13:23:13:63":4,"s:14:25:14:71":5,"f:15:9:15:17":1,"s:16:14:16:29":6,"b:16:21:16:22:16:26:16:28":2,"s:17:4:17:Infinity":7,"b:17:35:17:36:17:39:17:45":3,"f:19:9:19:19":2,"s:20:14:20:29":8,"b:20:21:20:22:20:26:20:28":4,"s:21:4:21:Infinity":9,"b:21:37:21:38:21:41:21:49":5,"f:23:9:23:19":3,"s:24:14:24:23":10,"s:25:4:25:Infinity":11,"b:25:22:25:23:25:26:25:67":6,"f:27:9:27:14":4,"s:28:4:28:Infinity":12,"b:28:23:28:25:28:28:28:37":7,"f:30:9:30:22":5,"s:31:4:31:Infinity":13,"b:31:35:31:39:31:42:31:51":8,"b:31:11:31:20:31:24:31:32":9,"f:33:22:33:40":6,"s:34:4:105:Infinity":14,"f:34:41:34:46":7,"s:35:21:35:29":15,"b:36:8:38:Infinity:undefined:undefined:undefined:undefined":10,"s:36:8:38:Infinity":16,"b:36:12:36:17:36:21:36:47":11,"s:37:12:37:Infinity":17,"s:39:26:39:39":18,"s:40:23:40:45":19,"b:41:8:43:Infinity:undefined:undefined:undefined:undefined":12,"s:41:8:43:Infinity":20,"s:42:12:42:Infinity":21,"s:44:26:44:49":22,"s:45:27:45:37":23,"b:47:8:49:Infinity:undefined:undefined:undefined:undefined":13,"s:47:8:49:Infinity":24,"s:48:12:48:Infinity":25,"s:51:23:52:29":26,"b:51:35:51:36:51:39:52:29":14,"s:54:22:54:31":27,"s:55:23:61:10":28,"f:55:38:55:42":8,"s:56:25:56:34":29,"s:57:26:57:81":30,"b:57:67:57:74:57:77:57:81":15,"b:57:26:57:53:57:57:57:64":16,"b:58:12:59:Infinity:undefined:undefined:undefined:undefined":17,"s:58:12:59:Infinity":31,"s:59:16:59:Infinity":32,"s:60:12:60:Infinity":33,"s:62:25:101:10":34,"f:62:40:62:41":9,"s:64:31:69:10":35,"s:70:12:72:Infinity":36,"f:70:31:70:32":10,"s:71:16:71:Infinity":37,"b:71:296:71:297:71:300:71:301":18,"s:74:30:74:87":38,"s:75:12:80:Infinity":39,"f:75:31:75:32":11,"s:76:36:76:92":40,"b:76:72:76:85:76:88:76:92":19,"s:77:36:77:89":41,"b:77:51:77:81:77:85:77:89":20,"b:77:51:77:73:77:77:77:81":21,"b:78:16:79:Infinity:undefined:undefined:undefined:undefined":22,"s:78:16:79:Infinity":42,"s:79:20:79:Infinity":43,"s:82:30:82:120":44,"s:83:12:92:Infinity":45,"f:83:31:83:32":12,"s:84:30:84:87":46,"b:84:65:84:82:84:85:84:87":23,"s:85:16:91:Infinity":47,"b:86:20:87:Infinity:undefined:undefined:undefined:undefined":24,"s:86:20:87:Infinity":48,"s:87:24:87:Infinity":49,"s:88:38:88:58":50,"b:89:20:90:Infinity:undefined:undefined:undefined:undefined":25,"s:89:20:90:Infinity":51,"s:90:24:90:Infinity":52,"s:94:12:99:Infinity":53,"f:94:31:94:32":13,"s:95:36:95:92":54,"b:95:72:95:85:95:88:95:92":26,"b:96:16:98:Infinity:undefined:undefined:undefined:undefined":27,"s:96:16:98:Infinity":55,"b:96:20:96:31:96:35:96:57":28,"s:97:19:97:Infinity":56,"s:100:12:100:Infinity":57,"s:102:25:102:35":58,"s:103:7:103:Infinity":59,"s:104:8:104:Infinity":60,"s:106:4:121:Infinity":61,"f:106:45:106:50":14,"s:107:23:107:49":62,"b:108:8:110:Infinity:undefined:undefined:undefined:undefined":29,"s:108:8:110:Infinity":63,"s:109:12:109:Infinity":64,"s:111:25:111:69":65,"s:112:8:120:Infinity":66,"s:122:4:151:Infinity":67,"f:122:44:122:49":15,"s:123:23:123:49":68,"b:124:8:126:Infinity:undefined:undefined:undefined:undefined":30,"s:124:8:126:Infinity":69,"s:125:12:125:Infinity":70,"s:127:25:127:69":71,"s:128:25:128:65":72,"f:128:43:128:44":16,"s:128:48:128:63":73,"s:129:21:145:23":74,"f:129:31:129:32":17,"s:129:36:145:22":75,"b:131:33:131:71:131:74:131:76":31,"b:131:40:131:64:131:68:131:70":32,"b:139:12:139:23:139:27:139:29":33,"b:140:12:140:21:140:25:140:27":34,"b:141:28:141:31:141:34:141:37":35,"f:142:31:142:32":18,"s:142:36:142:51":76,"f:142:60:142:61":19,"s:142:65:142:74":77,"s:146:20:146:53":78,"s:147:8:150:Infinity":79}}}
,"/workspace/api/dist/routes/projects.js": {"path":"/workspace/api/dist/routes/projects.js","statementMap":{"0":{"start":{"line":3,"column":4},"end":{"line":5,"column":null}},"1":{"start":{"line":4,"column":8},"end":{"line":4,"column":null}},"2":{"start":{"line":6,"column":4},"end":{"line":17,"column":null}},"3":{"start":{"line":15,"column":12},"end":{"line":15,"column":null}},"4":{"start":{"line":18,"column":4},"end":{"line":23,"column":null}},"5":{"start":{"line":19,"column":8},"end":{"line":21,"column":null}},"6":{"start":{"line":20,"column":12},"end":{"line":20,"column":null}},"7":{"start":{"line":22,"column":8},"end":{"line":22,"column":null}}},"fnMap":{"0":{"name":"projectRoutes","decl":{"start":{"line":2,"column":22},"end":{"line":2,"column":35}},"loc":{"start":{"line":2,"column":45},"end":{"line":24,"column":null}},"line":2},"1":{"name":"(anonymous_1)","decl":{"start":{"line":3,"column":29},"end":{"line":3,"column":34}},"loc":{"start":{"line":3,"column":41},"end":{"line":5,"column":5}},"line":3},"2":{"name":"(anonymous_2)","decl":{"start":{"line":14,"column":14},"end":{"line":14,"column":21}},"loc":{"start":{"line":14,"column":34},"end":{"line":16,"column":9}},"line":14},"3":{"name":"(anonymous_3)","decl":{"start":{"line":18,"column":36},"end":{"line":18,"column":41}},"loc":{"start":{"line":18,"column":58},"end":{"line":23,"column":5}},"line":18}},"branchMap":{"0":{"loc":{"start":{"line":19,"column":8},"end":{"line":21,"column":null}},"type":"if","locations":[{"start":{"line":19,"column":8},"end":{"line":21,"column":null}},{"start":{},"end":{}}],"line":19}},"s":{"0":85,"1":2,"2":85,"3":81,"4":85,"5":50,"6":1,"7":49},"f":{"0":85,"1":2,"2":81,"3":50},"b":{"0":[1,49]},"meta":{"lastBranch":1,"lastFunction":4,"lastStatement":8,"seen":{"f:2:22:2:35":0,"s:3:4:5:Infinity":0,"f:3:29:3:34":1,"s:4:8:4:Infinity":1,"s:6:4:17:Infinity":2,"f:14:14:14:21":2,"s:15:12:15:Infinity":3,"s:18:4:23:Infinity":4,"f:18:36:18:41":3,"b:19:8:21:Infinity:undefined:undefined:undefined:undefined":0,"s:19:8:21:Infinity":5,"s:20:12:20:Infinity":6,"s:22:8:22:Infinity":7}}}
,"/workspace/api/dist/routes/tasks.js": {"path":"/workspace/api/dist/routes/tasks.js","statementMap":{"0":{"start":{"line":4,"column":29},"end":{"line":17,"column":1}},"1":{"start":{"line":19,"column":4},"end":{"line":28,"column":null}},"2":{"start":{"line":20,"column":62},"end":{"line":20,"column":71}},"3":{"start":{"line":21,"column":8},"end":{"line":27,"column":null}},"4":{"start":{"line":29,"column":4},"end":{"line":57,"column":null}},"5":{"start":{"line":38,"column":24},"end":{"line":53,"column":14}},"6":{"start":{"line":54,"column":11},"end":{"line":54,"column":null}},"7":{"start":{"line":55,"column":12},"end":{"line":55,"column":null}},"8":{"start":{"line":58,"column":4},"end":{"line":83,"column":null}},"9":{"start":{"line":79,"column":11},"end":{"line":79,"column":null}},"10":{"start":{"line":80,"column":11},"end":{"line":80,"column":null}},"11":{"start":{"line":81,"column":12},"end":{"line":81,"column":null}},"12":{"start":{"line":84,"column":4},"end":{"line":89,"column":null}},"13":{"start":{"line":85,"column":20},"end":{"line":85,"column":43}},"14":{"start":{"line":86,"column":8},"end":{"line":87,"column":null}},"15":{"start":{"line":87,"column":12},"end":{"line":87,"column":null}},"16":{"start":{"line":88,"column":8},"end":{"line":88,"column":null}},"17":{"start":{"line":90,"column":4},"end":{"line":129,"column":null}},"18":{"start":{"line":98,"column":12},"end":{"line":103,"column":null}},"19":{"start":{"line":99,"column":16},"end":{"line":102,"column":null}},"20":{"start":{"line":101,"column":20},"end":{"line":101,"column":null}},"21":{"start":{"line":104,"column":24},"end":{"line":118,"column":14}},"22":{"start":{"line":119,"column":12},"end":{"line":120,"column":null}},"23":{"start":{"line":120,"column":16},"end":{"line":120,"column":null}},"24":{"start":{"line":121,"column":11},"end":{"line":121,"column":null}},"25":{"start":{"line":122,"column":12},"end":{"line":126,"column":null}},"26":{"start":{"line":123,"column":16},"end":{"line":125,"column":null}},"27":{"start":{"line":124,"column":19},"end":{"line":124,"column":null}},"28":{"start":{"line":127,"column":12},"end":{"line":127,"column":null}},"29":{"start":{"line":130,"column":4},"end":{"line":137,"column":null}},"30":{"start":{"line":131,"column":20},"end":{"line":131,"column":43}},"31":{"start":{"line":132,"column":8},"end":{"line":133,"column":null}},"32":{"start":{"line":133,"column":12},"end":{"line":133,"column":null}},"33":{"start":{"line":134,"column":7},"end":{"line":134,"column":null}},"34":{"start":{"line":135,"column":7},"end":{"line":135,"column":null}},"35":{"start":{"line":136,"column":8},"end":{"line":136,"column":null}}},"fnMap":{"0":{"name":"taskRoutes","decl":{"start":{"line":18,"column":22},"end":{"line":18,"column":32}},"loc":{"start":{"line":18,"column":42},"end":{"line":138,"column":null}},"line":18},"1":{"name":"(anonymous_1)","decl":{"start":{"line":19,"column":39},"end":{"line":19,"column":44}},"loc":{"start":{"line":19,"column":54},"end":{"line":28,"column":5}},"line":19},"2":{"name":"(anonymous_2)","decl":{"start":{"line":37,"column":14},"end":{"line":37,"column":21}},"loc":{"start":{"line":37,"column":34},"end":{"line":56,"column":9}},"line":37},"3":{"name":"(anonymous_3)","decl":{"start":{"line":78,"column":14},"end":{"line":78,"column":21}},"loc":{"start":{"line":78,"column":27},"end":{"line":82,"column":9}},"line":78},"4":{"name":"(anonymous_4)","decl":{"start":{"line":84,"column":30},"end":{"line":84,"column":35}},"loc":{"start":{"line":84,"column":52},"end":{"line":89,"column":5}},"line":84},"5":{"name":"(anonymous_5)","decl":{"start":{"line":97,"column":14},"end":{"line":97,"column":21}},"loc":{"start":{"line":97,"column":34},"end":{"line":128,"column":9}},"line":97},"6":{"name":"(anonymous_6)","decl":{"start":{"line":130,"column":33},"end":{"line":130,"column":38}},"loc":{"start":{"line":130,"column":55},"end":{"line":137,"column":5}},"line":130}},"branchMap":{"0":{"loc":{"start":{"line":25,"column":19},"end":{"line":25,"column":58}},"type":"cond-expr","locations":[{"start":{"line":25,"column":27},"end":{"line":25,"column":46}},{"start":{"line":25,"column":49},"end":{"line":25,"column":58}}],"line":25},"1":{"loc":{"start":{"line":26,"column":20},"end":{"line":26,"column":61}},"type":"cond-expr","locations":[{"start":{"line":26,"column":29},"end":{"line":26,"column":49}},{"start":{"line":26,"column":52},"end":{"line":26,"column":61}}],"line":26},"2":{"loc":{"start":{"line":86,"column":8},"end":{"line":87,"column":null}},"type":"if","locations":[{"start":{"line":86,"column":8},"end":{"line":87,"column":null}},{"start":{},"end":{}}],"line":86},"3":{"loc":{"start":{"line":98,"column":12},"end":{"line":103,"column":null}},"type":"if","locations":[{"start":{"line":98,"column":12},"end":{"line":103,"column":null}},{"start":{},"end":{}}],"line":98},"4":{"loc":{"start":{"line":99,"column":16},"end":{"line":102,"column":null}},"type":"if","locations":[{"start":{"line":99,"column":16},"end":{"line":102,"column":null}},{"start":{},"end":{}}],"line":99},"5":{"loc":{"start":{"line":99,"column":20},"end":{"line":100,"column":70}},"type":"binary-expr","locations":[{"start":{"line":99,"column":20},"end":{"line":99,"column":55}},{"start":{"line":100,"column":19},"end":{"line":100,"column":70}}],"line":99},"6":{"loc":{"start":{"line":119,"column":12},"end":{"line":120,"column":null}},"type":"if","locations":[{"start":{"line":119,"column":12},"end":{"line":120,"column":null}},{"start":{},"end":{}}],"line":119},"7":{"loc":{"start":{"line":122,"column":12},"end":{"line":126,"column":null}},"type":"if","locations":[{"start":{"line":122,"column":12},"end":{"line":126,"column":null}},{"start":{},"end":{}}],"line":122},"8":{"loc":{"start":{"line":122,"column":16},"end":{"line":122,"column":82}},"type":"binary-expr","locations":[{"start":{"line":122,"column":16},"end":{"line":122,"column":48}},{"start":{"line":122,"column":52},"end":{"line":122,"column":82}}],"line":122},"9":{"loc":{"start":{"line":132,"column":8},"end":{"line":133,"column":null}},"type":"if","locations":[{"start":{"line":132,"column":8},"end":{"line":133,"column":null}},{"start":{},"end":{}}],"line":132}},"s":{"0":2,"1":85,"2":33,"3":33,"4":85,"5":65,"6":65,"7":65,"8":85,"9":3,"10":3,"11":3,"12":85,"13":18,"14":18,"15":3,"16":15,"17":85,"18":12,"19":2,"20":2,"21":10,"22":10,"23":2,"24":8,"25":8,"26":6,"27":23,"28":8,"29":85,"30":2,"31":2,"32":1,"33":1,"34":1,"35":1},"f":{"0":85,"1":33,"2":65,"3":3,"4":18,"5":12,"6":2},"b":{"0":[1,32],"1":[0,33],"2":[3,15],"3":[2,10],"4":[2,0],"5":[2,1],"6":[2,8],"7":[6,2],"8":[8,3],"9":[1,1]},"meta":{"lastBranch":10,"lastFunction":7,"lastStatement":36,"seen":{"s:4:29:17:1":0,"f:18:22:18:32":0,"s:19:4:28:Infinity":1,"f:19:39:19:44":1,"s:20:62:20:71":2,"s:21:8:27:Infinity":3,"b:25:27:25:46:25:49:25:58":0,"b:26:29:26:49:26:52:26:61":1,"s:29:4:57:Infinity":4,"f:37:14:37:21":2,"s:38:24:53:14":5,"s:54:11:54:Infinity":6,"s:55:12:55:Infinity":7,"s:58:4:83:Infinity":8,"f:78:14:78:21":3,"s:79:11:79:Infinity":9,"s:80:11:80:Infinity":10,"s:81:12:81:Infinity":11,"s:84:4:89:Infinity":12,"f:84:30:84:35":4,"s:85:20:85:43":13,"b:86:8:87:Infinity:undefined:undefined:undefined:undefined":2,"s:86:8:87:Infinity":14,"s:87:12:87:Infinity":15,"s:88:8:88:Infinity":16,"s:90:4:129:Infinity":17,"f:97:14:97:21":5,"b:98:12:103:Infinity:undefined:undefined:undefined:undefined":3,"s:98:12:103:Infinity":18,"b:99:16:102:Infinity:undefined:undefined:undefined:undefined":4,"s:99:16:102:Infinity":19,"b:99:20:99:55:100:19:100:70":5,"s:101:20:101:Infinity":20,"s:104:24:118:14":21,"b:119:12:120:Infinity:undefined:undefined:undefined:undefined":6,"s:119:12:120:Infinity":22,"s:120:16:120:Infinity":23,"s:121:11:121:Infinity":24,"b:122:12:126:Infinity:undefined:undefined:undefined:undefined":7,"s:122:12:126:Infinity":25,"b:122:16:122:48:122:52:122:82":8,"s:123:16:125:Infinity":26,"s:124:19:124:Infinity":27,"s:127:12:127:Infinity":28,"s:130:4:137:Infinity":29,"f:130:33:130:38":6,"s:131:20:131:43":30,"b:132:8:133:Infinity:undefined:undefined:undefined:undefined":9,"s:132:8:133:Infinity":31,"s:133:12:133:Infinity":32,"s:134:7:134:Infinity":33,"s:135:7:135:Infinity":34,"s:136:8:136:Infinity":35}}}
,"/workspace/api/dist/services/projectService.js": {"path":"/workspace/api/dist/services/projectService.js","statementMap":{"0":{"start":{"line":4,"column":4},"end":{"line":4,"column":null}},"1":{"start":{"line":7,"column":17},"end":{"line":7,"column":84}},"2":{"start":{"line":8,"column":4},"end":{"line":8,"column":null}},"3":{"start":{"line":11,"column":16},"end":{"line":11,"column":73}},"4":{"start":{"line":12,"column":4},"end":{"line":12,"column":null}},"5":{"start":{"line":15,"column":14},"end":{"line":15,"column":23}},"6":{"start":{"line":16,"column":4},"end":{"line":16,"column":null}},"7":{"start":{"line":19,"column":4},"end":{"line":19,"column":null}}},"fnMap":{"0":{"name":"rawToProject","decl":{"start":{"line":3,"column":9},"end":{"line":3,"column":21}},"loc":{"start":{"line":3,"column":27},"end":{"line":5,"column":null}},"line":3},"1":{"name":"listProjects","decl":{"start":{"line":6,"column":16},"end":{"line":6,"column":28}},"loc":{"start":{"line":6,"column":31},"end":{"line":9,"column":null}},"line":6},"2":{"name":"getProject","decl":{"start":{"line":10,"column":16},"end":{"line":10,"column":26}},"loc":{"start":{"line":10,"column":31},"end":{"line":13,"column":null}},"line":10},"3":{"name":"createProject","decl":{"start":{"line":14,"column":16},"end":{"line":14,"column":29}},"loc":{"start":{"line":14,"column":36},"end":{"line":17,"column":null}},"line":14},"4":{"name":"deleteProject","decl":{"start":{"line":18,"column":16},"end":{"line":18,"column":29}},"loc":{"start":{"line":18,"column":34},"end":{"line":20,"column":null}},"line":18}},"branchMap":{"0":{"loc":{"start":{"line":12,"column":11},"end":{"line":12,"column":41}},"type":"cond-expr","locations":[{"start":{"line":12,"column":17},"end":{"line":12,"column":34}},{"start":{"line":12,"column":37},"end":{"line":12,"column":41}}],"line":12}},"s":{"0":120,"1":5,"2":5,"3":38,"4":38,"5":83,"6":83,"7":53},"f":{"0":120,"1":5,"2":38,"3":83,"4":53},"b":{"0":[34,4]},"meta":{"lastBranch":1,"lastFunction":5,"lastStatement":8,"seen":{"f:3:9:3:21":0,"s:4:4:4:Infinity":0,"f:6:16:6:28":1,"s:7:17:7:84":1,"s:8:4:8:Infinity":2,"f:10:16:10:26":2,"s:11:16:11:73":3,"s:12:4:12:Infinity":4,"b:12:17:12:34:12:37:12:41":0,"f:14:16:14:29":3,"s:15:14:15:23":5,"s:16:4:16:Infinity":6,"f:18:16:18:29":4,"s:19:4:19:Infinity":7}}}
,"/workspace/api/dist/services/taskService.js": {"path":"/workspace/api/dist/services/taskService.js","statementMap":{"0":{"start":{"line":3,"column":4},"end":{"line":21,"column":null}},"1":{"start":{"line":24,"column":16},"end":{"line":24,"column":36}},"2":{"start":{"line":24,"column":31},"end":{"line":24,"column":35}},"3":{"start":{"line":25,"column":4},"end":{"line":26,"column":null}},"4":{"start":{"line":26,"column":8},"end":{"line":26,"column":null}},"5":{"start":{"line":27,"column":25},"end":{"line":27,"column":53}},"6":{"start":{"line":27,"column":39},"end":{"line":27,"column":42}},"7":{"start":{"line":28,"column":28},"end":{"line":30,"column":20}},"8":{"start":{"line":31,"column":26},"end":{"line":33,"column":20}},"9":{"start":{"line":34,"column":20},"end":{"line":34,"column":29}},"10":{"start":{"line":35,"column":20},"end":{"line":35,"column":29}},"11":{"start":{"line":36,"column":4},"end":{"line":40,"column":null}},"12":{"start":{"line":37,"column":20},"end":{"line":37,"column":53}},"13":{"start":{"line":38,"column":8},"end":{"line":38,"column":null}},"14":{"start":{"line":39,"column":8},"end":{"line":39,"column":null}},"15":{"start":{"line":41,"column":4},"end":{"line":45,"column":null}},"16":{"start":{"line":42,"column":20},"end":{"line":42,"column":55}},"17":{"start":{"line":43,"column":8},"end":{"line":43,"column":null}},"18":{"start":{"line":44,"column":8},"end":{"line":44,"column":null}},"19":{"start":{"line":46,"column":4},"end":{"line":50,"column":null}},"20":{"start":{"line":46,"column":27},"end":{"line":50,"column":5}},"21":{"start":{"line":53,"column":23},"end":{"line":53,"column":41}},"22":{"start":{"line":54,"column":19},"end":{"line":54,"column":30}},"23":{"start":{"line":55,"column":4},"end":{"line":58,"column":null}},"24":{"start":{"line":56,"column":8},"end":{"line":56,"column":null}},"25":{"start":{"line":57,"column":8},"end":{"line":57,"column":null}},"26":{"start":{"line":59,"column":4},"end":{"line":62,"column":null}},"27":{"start":{"line":60,"column":8},"end":{"line":60,"column":null}},"28":{"start":{"line":61,"column":8},"end":{"line":61,"column":null}},"29":{"start":{"line":63,"column":4},"end":{"line":66,"column":null}},"30":{"start":{"line":64,"column":8},"end":{"line":64,"column":null}},"31":{"start":{"line":65,"column":8},"end":{"line":65,"column":null}},"32":{"start":{"line":67,"column":18},"end":{"line":67,"column":42}},"33":{"start":{"line":68,"column":18},"end":{"line":68,"column":99}},"34":{"start":{"line":69,"column":18},"end":{"line":69,"column":36}},"35":{"start":{"line":70,"column":19},"end":{"line":70,"column":36}},"36":{"start":{"line":71,"column":17},"end":{"line":73,"column":38}},"37":{"start":{"line":74,"column":18},"end":{"line":74,"column":37}},"38":{"start":{"line":75,"column":4},"end":{"line":75,"column":null}},"39":{"start":{"line":78,"column":16},"end":{"line":78,"column":70}},"40":{"start":{"line":79,"column":4},"end":{"line":80,"column":null}},"41":{"start":{"line":80,"column":8},"end":{"line":80,"column":null}},"42":{"start":{"line":81,"column":4},"end":{"line":81,"column":null}},"43":{"start":{"line":84,"column":19},"end":{"line":86,"column":31}},"44":{"start":{"line":87,"column":4},"end":{"line":88,"column":null}},"45":{"start":{"line":89,"column":4},"end":{"line":94,"column":null}},"46":{"start":{"line":90,"column":26},"end":{"line":90,"column":116}},"47":{"start":{"line":91,"column":8},"end":{"line":93,"column":null}},"48":{"start":{"line":92,"column":12},"end":{"line":92,"column":null}},"49":{"start":{"line":95,"column":4},"end":{"line":97,"column":null}},"50":{"start":{"line":96,"column":8},"end":{"line":96,"column":null}},"51":{"start":{"line":98,"column":4},"end":{"line":98,"column":null}},"52":{"start":{"line":100,"column":19},"end":{"line":113,"column":1}},"53":{"start":{"line":111,"column":43},"end":{"line":111,"column":52}},"54":{"start":{"line":115,"column":16},"end":{"line":115,"column":71}},"55":{"start":{"line":116,"column":4},"end":{"line":117,"column":null}},"56":{"start":{"line":117,"column":8},"end":{"line":117,"column":null}},"57":{"start":{"line":118,"column":19},"end":{"line":118,"column":21}},"58":{"start":{"line":119,"column":19},"end":{"line":119,"column":21}},"59":{"start":{"line":120,"column":4},"end":{"line":125,"column":null}},"60":{"start":{"line":121,"column":8},"end":{"line":124,"column":null}},"61":{"start":{"line":122,"column":12},"end":{"line":122,"column":null}},"62":{"start":{"line":123,"column":12},"end":{"line":123,"column":null}},"63":{"start":{"line":126,"column":4},"end":{"line":128,"column":null}},"64":{"start":{"line":127,"column":8},"end":{"line":127,"column":null}},"65":{"start":{"line":129,"column":4},"end":{"line":135,"column":null}},"66":{"start":{"line":130,"column":8},"end":{"line":130,"column":null}},"67":{"start":{"line":131,"column":26},"end":{"line":131,"column":116}},"68":{"start":{"line":132,"column":8},"end":{"line":134,"column":null}},"69":{"start":{"line":133,"column":12},"end":{"line":133,"column":null}},"70":{"start":{"line":136,"column":4},"end":{"line":138,"column":null}},"71":{"start":{"line":137,"column":8},"end":{"line":137,"column":null}},"72":{"start":{"line":139,"column":4},"end":{"line":139,"column":null}},"73":{"start":{"line":142,"column":16},"end":{"line":142,"column":82}},"74":{"start":{"line":143,"column":4},"end":{"line":144,"column":null}},"75":{"start":{"line":144,"column":8},"end":{"line":144,"column":null}},"76":{"start":{"line":145,"column":21},"end":{"line":145,"column":34}},"77":{"start":{"line":146,"column":21},"end":{"line":146,"column":128}},"78":{"start":{"line":147,"column":19},"end":{"line":147,"column":75}},"79":{"start":{"line":147,"column":37},"end":{"line":147,"column":49}},"80":{"start":{"line":147,"column":65},"end":{"line":147,"column":74}},"81":{"start":{"line":148,"column":17},"end":{"line":148,"column":71}},"82":{"start":{"line":148,"column":35},"end":{"line":148,"column":45}},"83":{"start":{"line":148,"column":61},"end":{"line":148,"column":70}},"84":{"start":{"line":149,"column":4},"end":{"line":150,"column":null}},"85":{"start":{"line":150,"column":8},"end":{"line":150,"column":null}},"86":{"start":{"line":151,"column":21},"end":{"line":151,"column":69}},"87":{"start":{"line":152,"column":19},"end":{"line":152,"column":67}},"88":{"start":{"line":153,"column":19},"end":{"line":153,"column":21}},"89":{"start":{"line":154,"column":19},"end":{"line":154,"column":21}},"90":{"start":{"line":155,"column":4},"end":{"line":158,"column":null}},"91":{"start":{"line":156,"column":8},"end":{"line":156,"column":null}},"92":{"start":{"line":157,"column":8},"end":{"line":157,"column":null}},"93":{"start":{"line":159,"column":4},"end":{"line":162,"column":null}},"94":{"start":{"line":160,"column":8},"end":{"line":160,"column":null}},"95":{"start":{"line":161,"column":8},"end":{"line":161,"column":null}},"96":{"start":{"line":163,"column":4},"end":{"line":166,"column":null}},"97":{"start":{"line":164,"column":8},"end":{"line":164,"column":null}},"98":{"start":{"line":165,"column":8},"end":{"line":165,"column":null}},"99":{"start":{"line":169,"column":22},"end":{"line":169,"column":24}},"100":{"start":{"line":170,"column":18},"end":{"line":170,"column":24}},"101":{"start":{"line":171,"column":20},"end":{"line":171,"column":29}},"102":{"start":{"line":172,"column":4},"end":{"line":184,"column":null}},"103":{"start":{"line":173,"column":8},"end":{"line":174,"column":null}},"104":{"start":{"line":174,"column":12},"end":{"line":174,"column":null}},"105":{"start":{"line":175,"column":8},"end":{"line":175,"column":null}},"106":{"start":{"line":176,"column":20},"end":{"line":176,"column":87}},"107":{"start":{"line":177,"column":8},"end":{"line":178,"column":null}},"108":{"start":{"line":178,"column":12},"end":{"line":178,"column":null}},"109":{"start":{"line":179,"column":23},"end":{"line":179,"column":45}},"110":{"start":{"line":180,"column":8},"end":{"line":181,"column":null}},"111":{"start":{"line":181,"column":12},"end":{"line":181,"column":null}},"112":{"start":{"line":182,"column":8},"end":{"line":182,"column":null}},"113":{"start":{"line":183,"column":8},"end":{"line":183,"column":null}},"114":{"start":{"line":185,"column":4},"end":{"line":185,"column":null}},"115":{"start":{"line":188,"column":19},"end":{"line":188,"column":71}},"116":{"start":{"line":189,"column":4},"end":{"line":189,"column":null}},"117":{"start":{"line":192,"column":18},"end":{"line":192,"column":29}},"118":{"start":{"line":193,"column":20},"end":{"line":193,"column":29}},"119":{"start":{"line":194,"column":4},"end":{"line":204,"column":null}},"120":{"start":{"line":195,"column":8},"end":{"line":196,"column":null}},"121":{"start":{"line":196,"column":12},"end":{"line":196,"column":null}},"122":{"start":{"line":197,"column":8},"end":{"line":198,"column":null}},"123":{"start":{"line":198,"column":12},"end":{"line":198,"column":null}},"124":{"start":{"line":199,"column":8},"end":{"line":199,"column":null}},"125":{"start":{"line":200,"column":20},"end":{"line":200,"column":87}},"126":{"start":{"line":201,"column":8},"end":{"line":202,"column":null}},"127":{"start":{"line":202,"column":12},"end":{"line":202,"column":null}},"128":{"start":{"line":203,"column":8},"end":{"line":203,"column":null}},"129":{"start":{"line":205,"column":4},"end":{"line":205,"column":null}},"130":{"start":{"line":208,"column":19},"end":{"line":208,"column":70}},"131":{"start":{"line":209,"column":4},"end":{"line":213,"column":null}},"132":{"start":{"line":210,"column":8},"end":{"line":212,"column":null}},"133":{"start":{"line":211,"column":12},"end":{"line":211,"column":null}}},"fnMap":{"0":{"name":"rawToTask","decl":{"start":{"line":2,"column":9},"end":{"line":2,"column":18}},"loc":{"start":{"line":2,"column":24},"end":{"line":22,"column":null}},"line":2},"1":{"name":"attachDeps","decl":{"start":{"line":23,"column":9},"end":{"line":23,"column":19}},"loc":{"start":{"line":23,"column":27},"end":{"line":51,"column":null}},"line":23},"2":{"name":"(anonymous_2)","decl":{"start":{"line":24,"column":26},"end":{"line":24,"column":27}},"loc":{"start":{"line":24,"column":31},"end":{"line":24,"column":35}},"line":24},"3":{"name":"(anonymous_3)","decl":{"start":{"line":27,"column":33},"end":{"line":27,"column":34}},"loc":{"start":{"line":27,"column":39},"end":{"line":27,"column":42}},"line":27},"4":{"name":"(anonymous_4)","decl":{"start":{"line":46,"column":21},"end":{"line":46,"column":22}},"loc":{"start":{"line":46,"column":27},"end":{"line":50,"column":5}},"line":46},"5":{"name":"listTasks","decl":{"start":{"line":52,"column":16},"end":{"line":52,"column":25}},"loc":{"start":{"line":52,"column":44},"end":{"line":76,"column":null}},"line":52},"6":{"name":"getTask","decl":{"start":{"line":77,"column":16},"end":{"line":77,"column":23}},"loc":{"start":{"line":77,"column":28},"end":{"line":82,"column":null}},"line":77},"7":{"name":"createTask","decl":{"start":{"line":83,"column":16},"end":{"line":83,"column":26}},"loc":{"start":{"line":83,"column":34},"end":{"line":99,"column":null}},"line":83},"8":{"name":"(anonymous_8)","decl":{"start":{"line":111,"column":36},"end":{"line":111,"column":37}},"loc":{"start":{"line":111,"column":43},"end":{"line":111,"column":52}},"line":111},"9":{"name":"updateTask","decl":{"start":{"line":114,"column":16},"end":{"line":114,"column":26}},"loc":{"start":{"line":114,"column":38},"end":{"line":140,"column":null}},"line":114},"10":{"name":"propagateDatesToParent","decl":{"start":{"line":141,"column":16},"end":{"line":141,"column":38}},"loc":{"start":{"line":141,"column":47},"end":{"line":167,"column":null}},"line":141},"11":{"name":"(anonymous_11)","decl":{"start":{"line":147,"column":32},"end":{"line":147,"column":33}},"loc":{"start":{"line":147,"column":37},"end":{"line":147,"column":49}},"line":147},"12":{"name":"(anonymous_12)","decl":{"start":{"line":147,"column":58},"end":{"line":147,"column":59}},"loc":{"start":{"line":147,"column":65},"end":{"line":147,"column":74}},"line":147},"13":{"name":"(anonymous_13)","decl":{"start":{"line":148,"column":30},"end":{"line":148,"column":31}},"loc":{"start":{"line":148,"column":35},"end":{"line":148,"column":45}},"line":148},"14":{"name":"(anonymous_14)","decl":{"start":{"line":148,"column":54},"end":{"line":148,"column":55}},"loc":{"start":{"line":148,"column":61},"end":{"line":148,"column":70}},"line":148},"15":{"name":"getAncestorTasks","decl":{"start":{"line":168,"column":16},"end":{"line":168,"column":32}},"loc":{"start":{"line":168,"column":41},"end":{"line":186,"column":null}},"line":168},"16":{"name":"deleteTask","decl":{"start":{"line":187,"column":16},"end":{"line":187,"column":26}},"loc":{"start":{"line":187,"column":31},"end":{"line":190,"column":null}},"line":187},"17":{"name":"wouldCreateCycle","decl":{"start":{"line":191,"column":16},"end":{"line":191,"column":32}},"loc":{"start":{"line":191,"column":54},"end":{"line":206,"column":null}},"line":191},"18":{"name":"reorderTasks","decl":{"start":{"line":207,"column":16},"end":{"line":207,"column":28}},"loc":{"start":{"line":207,"column":37},"end":{"line":214,"column":null}},"line":207},"19":{"name":"(anonymous_19)","decl":{"start":{"line":209,"column":19},"end":{"line":209,"column":20}},"loc":{"start":{"line":209,"column":25},"end":{"line":213,"column":5}},"line":209}},"branchMap":{"0":{"loc":{"start":{"line":6,"column":18},"end":{"line":6,"column":39}},"type":"binary-expr","locations":[{"start":{"line":6,"column":18},"end":{"line":6,"column":31}},{"start":{"line":6,"column":35},"end":{"line":6,"column":39}}],"line":6},"1":{"loc":{"start":{"line":25,"column":4},"end":{"line":26,"column":null}},"type":"if","locations":[{"start":{"line":25,"column":4},"end":{"line":26,"column":null}},{"start":{},"end":{}}],"line":25},"2":{"loc":{"start":{"line":37,"column":20},"end":{"line":37,"column":53}},"type":"binary-expr","locations":[{"start":{"line":37,"column":20},"end":{"line":37,"column":47}},{"start":{"line":37,"column":51},"end":{"line":37,"column":53}}],"line":37},"3":{"loc":{"start":{"line":42,"column":20},"end":{"line":42,"column":55}},"type":"binary-expr","locations":[{"start":{"line":42,"column":20},"end":{"line":42,"column":49}},{"start":{"line":42,"column":53},"end":{"line":42,"column":55}}],"line":42},"4":{"loc":{"start":{"line":48,"column":22},"end":{"line":48,"column":45}},"type":"binary-expr","locations":[{"start":{"line":48,"column":22},"end":{"line":48,"column":39}},{"start":{"line":48,"column":43},"end":{"line":48,"column":45}}],"line":48},"5":{"loc":{"start":{"line":49,"column":20},"end":{"line":49,"column":43}},"type":"binary-expr","locations":[{"start":{"line":49,"column":20},"end":{"line":49,"column":37}},{"start":{"line":49,"column":41},"end":{"line":49,"column":43}}],"line":49},"6":{"loc":{"start":{"line":55,"column":4},"end":{"line":58,"column":null}},"type":"if","locations":[{"start":{"line":55,"column":4},"end":{"line":58,"column":null}},{"start":{},"end":{}}],"line":55},"7":{"loc":{"start":{"line":59,"column":4},"end":{"line":62,"column":null}},"type":"if","locations":[{"start":{"line":59,"column":4},"end":{"line":62,"column":null}},{"start":{},"end":{}}],"line":59},"8":{"loc":{"start":{"line":63,"column":4},"end":{"line":66,"column":null}},"type":"if","locations":[{"start":{"line":63,"column":4},"end":{"line":66,"column":null}},{"start":{},"end":{}}],"line":63},"9":{"loc":{"start":{"line":69,"column":18},"end":{"line":69,"column":36}},"type":"binary-expr","locations":[{"start":{"line":69,"column":18},"end":{"line":69,"column":29}},{"start":{"line":69,"column":33},"end":{"line":69,"column":36}}],"line":69},"10":{"loc":{"start":{"line":70,"column":19},"end":{"line":70,"column":36}},"type":"binary-expr","locations":[{"start":{"line":70,"column":19},"end":{"line":70,"column":31}},{"start":{"line":70,"column":35},"end":{"line":70,"column":36}}],"line":70},"11":{"loc":{"start":{"line":79,"column":4},"end":{"line":80,"column":null}},"type":"if","locations":[{"start":{"line":79,"column":4},"end":{"line":80,"column":null}},{"start":{},"end":{}}],"line":79},"12":{"loc":{"start":{"line":88,"column":88},"end":{"line":88,"column":110}},"type":"binary-expr","locations":[{"start":{"line":88,"column":88},"end":{"line":88,"column":102}},{"start":{"line":88,"column":106},"end":{"line":88,"column":110}}],"line":88},"13":{"loc":{"start":{"line":88,"column":125},"end":{"line":88,"column":144}},"type":"binary-expr","locations":[{"start":{"line":88,"column":125},"end":{"line":88,"column":138}},{"start":{"line":88,"column":142},"end":{"line":88,"column":144}}],"line":88},"14":{"loc":{"start":{"line":88,"column":146},"end":{"line":88,"column":169}},"type":"binary-expr","locations":[{"start":{"line":88,"column":146},"end":{"line":88,"column":163}},{"start":{"line":88,"column":167},"end":{"line":88,"column":169}}],"line":88},"15":{"loc":{"start":{"line":88,"column":171},"end":{"line":88,"column":193}},"type":"binary-expr","locations":[{"start":{"line":88,"column":171},"end":{"line":88,"column":183}},{"start":{"line":88,"column":187},"end":{"line":88,"column":193}}],"line":88},"16":{"loc":{"start":{"line":88,"column":195},"end":{"line":88,"column":221}},"type":"binary-expr","locations":[{"start":{"line":88,"column":195},"end":{"line":88,"column":209}},{"start":{"line":88,"column":213},"end":{"line":88,"column":221}}],"line":88},"17":{"loc":{"start":{"line":88,"column":223},"end":{"line":88,"column":242}},"type":"binary-expr","locations":[{"start":{"line":88,"column":223},"end":{"line":88,"column":237}},{"start":{"line":88,"column":241},"end":{"line":88,"column":242}}],"line":88},"18":{"loc":{"start":{"line":88,"column":244},"end":{"line":88,"column":264}},"type":"binary-expr","locations":[{"start":{"line":88,"column":244},"end":{"line":88,"column":258}},{"start":{"line":88,"column":262},"end":{"line":88,"column":264}}],"line":88},"19":{"loc":{"start":{"line":88,"column":266},"end":{"line":88,"column":289}},"type":"binary-expr","locations":[{"start":{"line":88,"column":266},"end":{"line":88,"column":281}},{"start":{"line":88,"column":285},"end":{"line":88,"column":289}}],"line":88},"20":{"loc":{"start":{"line":88,"column":291},"end":{"line":88,"column":312}},"type":"binary-expr","locations":[{"start":{"line":88,"column":291},"end":{"line":88,"column":304}},{"start":{"line":88,"column":308},"end":{"line":88,"column":312}}],"line":88},"21":{"loc":{"start":{"line":88,"column":314},"end":{"line":88,"column":339}},"type":"cond-expr","locations":[{"start":{"line":88,"column":334},"end":{"line":88,"column":335}},{"start":{"line":88,"column":338},"end":{"line":88,"column":339}}],"line":88},"22":{"loc":{"start":{"line":88,"column":341},"end":{"line":88,"column":366}},"type":"binary-expr","locations":[{"start":{"line":88,"column":341},"end":{"line":88,"column":352}},{"start":{"line":88,"column":356},"end":{"line":88,"column":366}}],"line":88},"23":{"loc":{"start":{"line":89,"column":4},"end":{"line":94,"column":null}},"type":"if","locations":[{"start":{"line":89,"column":4},"end":{"line":94,"column":null}},{"start":{},"end":{}}],"line":89},"24":{"loc":{"start":{"line":95,"column":4},"end":{"line":97,"column":null}},"type":"if","locations":[{"start":{"line":95,"column":4},"end":{"line":97,"column":null}},{"start":{},"end":{}}],"line":95},"25":{"loc":{"start":{"line":95,"column":8},"end":{"line":95,"column":68}},"type":"binary-expr","locations":[{"start":{"line":95,"column":8},"end":{"line":95,"column":37}},{"start":{"line":95,"column":41},"end":{"line":95,"column":68}}],"line":95},"26":{"loc":{"start":{"line":111,"column":43},"end":{"line":111,"column":52}},"type":"cond-expr","locations":[{"start":{"line":111,"column":47},"end":{"line":111,"column":48}},{"start":{"line":111,"column":51},"end":{"line":111,"column":52}}],"line":111},"27":{"loc":{"start":{"line":116,"column":4},"end":{"line":117,"column":null}},"type":"if","locations":[{"start":{"line":116,"column":4},"end":{"line":117,"column":null}},{"start":{},"end":{}}],"line":116},"28":{"loc":{"start":{"line":121,"column":8},"end":{"line":124,"column":null}},"type":"if","locations":[{"start":{"line":121,"column":8},"end":{"line":124,"column":null}},{"start":{},"end":{}}],"line":121},"29":{"loc":{"start":{"line":123,"column":24},"end":{"line":123,"column":70}},"type":"cond-expr","locations":[{"start":{"line":123,"column":36},"end":{"line":123,"column":57}},{"start":{"line":123,"column":60},"end":{"line":123,"column":70}}],"line":123},"30":{"loc":{"start":{"line":126,"column":4},"end":{"line":128,"column":null}},"type":"if","locations":[{"start":{"line":126,"column":4},"end":{"line":128,"column":null}},{"start":{},"end":{}}],"line":126},"31":{"loc":{"start":{"line":129,"column":4},"end":{"line":135,"column":null}},"type":"if","locations":[{"start":{"line":129,"column":4},"end":{"line":135,"column":null}},{"start":{},"end":{}}],"line":129},"32":{"loc":{"start":{"line":136,"column":4},"end":{"line":138,"column":null}},"type":"if","locations":[{"start":{"line":136,"column":4},"end":{"line":138,"column":null}},{"start":{},"end":{}}],"line":136},"33":{"loc":{"start":{"line":136,"column":8},"end":{"line":136,"column":68}},"type":"binary-expr","locations":[{"start":{"line":136,"column":8},"end":{"line":136,"column":37}},{"start":{"line":136,"column":41},"end":{"line":136,"column":68}}],"line":136},"34":{"loc":{"start":{"line":143,"column":4},"end":{"line":144,"column":null}},"type":"if","locations":[{"start":{"line":143,"column":4},"end":{"line":144,"column":null}},{"start":{},"end":{}}],"line":143},"35":{"loc":{"start":{"line":149,"column":4},"end":{"line":150,"column":null}},"type":"if","locations":[{"start":{"line":149,"column":4},"end":{"line":150,"column":null}},{"start":{},"end":{}}],"line":149},"36":{"loc":{"start":{"line":149,"column":8},"end":{"line":149,"column":48}},"type":"binary-expr","locations":[{"start":{"line":149,"column":8},"end":{"line":149,"column":27}},{"start":{"line":149,"column":31},"end":{"line":149,"column":48}}],"line":149},"37":{"loc":{"start":{"line":151,"column":21},"end":{"line":151,"column":69}},"type":"cond-expr","locations":[{"start":{"line":151,"column":41},"end":{"line":151,"column":62}},{"start":{"line":151,"column":65},"end":{"line":151,"column":69}}],"line":151},"38":{"loc":{"start":{"line":152,"column":19},"end":{"line":152,"column":67}},"type":"cond-expr","locations":[{"start":{"line":152,"column":37},"end":{"line":152,"column":60}},{"start":{"line":152,"column":63},"end":{"line":152,"column":67}}],"line":152},"39":{"loc":{"start":{"line":155,"column":4},"end":{"line":158,"column":null}},"type":"if","locations":[{"start":{"line":155,"column":4},"end":{"line":158,"column":null}},{"start":{},"end":{}}],"line":155},"40":{"loc":{"start":{"line":159,"column":4},"end":{"line":162,"column":null}},"type":"if","locations":[{"start":{"line":159,"column":4},"end":{"line":162,"column":null}},{"start":{},"end":{}}],"line":159},"41":{"loc":{"start":{"line":163,"column":4},"end":{"line":166,"column":null}},"type":"if","locations":[{"start":{"line":163,"column":4},"end":{"line":166,"column":null}},{"start":{},"end":{}}],"line":163},"42":{"loc":{"start":{"line":173,"column":8},"end":{"line":174,"column":null}},"type":"if","locations":[{"start":{"line":173,"column":8},"end":{"line":174,"column":null}},{"start":{},"end":{}}],"line":173},"43":{"loc":{"start":{"line":177,"column":8},"end":{"line":178,"column":null}},"type":"if","locations":[{"start":{"line":177,"column":8},"end":{"line":178,"column":null}},{"start":{},"end":{}}],"line":177},"44":{"loc":{"start":{"line":180,"column":8},"end":{"line":181,"column":null}},"type":"if","locations":[{"start":{"line":180,"column":8},"end":{"line":181,"column":null}},{"start":{},"end":{}}],"line":180},"45":{"loc":{"start":{"line":195,"column":8},"end":{"line":196,"column":null}},"type":"if","locations":[{"start":{"line":195,"column":8},"end":{"line":196,"column":null}},{"start":{},"end":{}}],"line":195},"46":{"loc":{"start":{"line":197,"column":8},"end":{"line":198,"column":null}},"type":"if","locations":[{"start":{"line":197,"column":8},"end":{"line":198,"column":null}},{"start":{},"end":{}}],"line":197},"47":{"loc":{"start":{"line":201,"column":8},"end":{"line":202,"column":null}},"type":"if","locations":[{"start":{"line":201,"column":8},"end":{"line":202,"column":null}},{"start":{},"end":{}}],"line":201}},"s":{"0":340,"1":219,"2":340,"3":219,"4":5,"5":214,"6":340,"7":214,"8":214,"9":214,"10":214,"11":214,"12":11,"13":11,"14":11,"15":214,"16":7,"17":7,"18":7,"19":214,"20":340,"21":41,"22":41,"23":41,"24":3,"25":3,"26":41,"27":1,"28":1,"29":41,"30":1,"31":1,"32":41,"33":41,"34":41,"35":41,"36":41,"37":41,"38":41,"39":184,"40":184,"41":6,"42":178,"43":115,"44":115,"45":115,"46":5,"47":5,"48":5,"49":114,"50":34,"51":114,"52":3,"53":0,"54":17,"55":17,"56":3,"57":14,"58":14,"59":14,"60":168,"61":21,"62":21,"63":14,"64":12,"65":14,"66":2,"67":2,"68":2,"69":2,"70":14,"71":9,"72":14,"73":176,"74":176,"75":45,"76":131,"77":131,"78":131,"79":133,"80":133,"81":131,"82":133,"83":133,"84":131,"85":3,"86":128,"87":176,"88":176,"89":176,"90":176,"91":128,"92":128,"93":128,"94":128,"95":128,"96":128,"97":128,"98":128,"99":6,"100":6,"101":6,"102":6,"103":29,"104":0,"105":29,"106":29,"107":29,"108":6,"109":23,"110":23,"111":0,"112":23,"113":23,"114":6,"115":6,"116":6,"117":1,"118":1,"119":1,"120":3,"121":1,"122":2,"123":0,"124":2,"125":2,"126":2,"127":0,"128":2,"129":0,"130":4,"131":4,"132":4,"133":5},"f":{"0":340,"1":219,"2":340,"3":340,"4":340,"5":41,"6":184,"7":115,"8":0,"9":17,"10":176,"11":133,"12":133,"13":133,"14":133,"15":6,"16":6,"17":1,"18":4,"19":4},"b":{"0":[340,266],"1":[5,214],"2":[11,11],"3":[7,7],"4":[340,329],"5":[340,333],"6":[3,38],"7":[1,40],"8":[1,40],"9":[41,37],"10":[41,40],"11":[6,178],"12":[115,83],"13":[115,114],"14":[115,112],"15":[115,92],"16":[115,96],"17":[115,111],"18":[115,95],"19":[115,81],"20":[115,81],"21":[0,115],"22":[115,115],"23":[5,110],"24":[34,80],"25":[114,80],"26":[0,0],"27":[3,14],"28":[21,147],"29":[0,21],"30":[12,2],"31":[2,12],"32":[9,5],"33":[14,6],"34":[45,131],"35":[3,128],"36":[131,3],"37":[128,0],"38":[128,0],"39":[128,48],"40":[128,0],"41":[128,0],"42":[0,29],"43":[6,23],"44":[0,23],"45":[1,2],"46":[0,2],"47":[0,2]},"meta":{"lastBranch":48,"lastFunction":20,"lastStatement":134,"seen":{"f:2:9:2:18":0,"s:3:4:21:Infinity":0,"b:6:18:6:31:6:35:6:39":0,"f:23:9:23:19":1,"s:24:16:24:36":1,"f:24:26:24:27":2,"s:24:31:24:35":2,"b:25:4:26:Infinity:undefined:undefined:undefined:undefined":1,"s:25:4:26:Infinity":3,"s:26:8:26:Infinity":4,"s:27:25:27:53":5,"f:27:33:27:34":3,"s:27:39:27:42":6,"s:28:28:30:20":7,"s:31:26:33:20":8,"s:34:20:34:29":9,"s:35:20:35:29":10,"s:36:4:40:Infinity":11,"s:37:20:37:53":12,"b:37:20:37:47:37:51:37:53":2,"s:38:8:38:Infinity":13,"s:39:8:39:Infinity":14,"s:41:4:45:Infinity":15,"s:42:20:42:55":16,"b:42:20:42:49:42:53:42:55":3,"s:43:8:43:Infinity":17,"s:44:8:44:Infinity":18,"s:46:4:50:Infinity":19,"f:46:21:46:22":4,"s:46:27:50:5":20,"b:48:22:48:39:48:43:48:45":4,"b:49:20:49:37:49:41:49:43":5,"f:52:16:52:25":5,"s:53:23:53:41":21,"s:54:19:54:30":22,"b:55:4:58:Infinity:undefined:undefined:undefined:undefined":6,"s:55:4:58:Infinity":23,"s:56:8:56:Infinity":24,"s:57:8:57:Infinity":25,"b:59:4:62:Infinity:undefined:undefined:undefined:undefined":7,"s:59:4:62:Infinity":26,"s:60:8:60:Infinity":27,"s:61:8:61:Infinity":28,"b:63:4:66:Infinity:undefined:undefined:undefined:undefined":8,"s:63:4:66:Infinity":29,"s:64:8:64:Infinity":30,"s:65:8:65:Infinity":31,"s:67:18:67:42":32,"s:68:18:68:99":33,"s:69:18:69:36":34,"b:69:18:69:29:69:33:69:36":9,"s:70:19:70:36":35,"b:70:19:70:31:70:35:70:36":10,"s:71:17:73:38":36,"s:74:18:74:37":37,"s:75:4:75:Infinity":38,"f:77:16:77:23":6,"s:78:16:78:70":39,"b:79:4:80:Infinity:undefined:undefined:undefined:undefined":11,"s:79:4:80:Infinity":40,"s:80:8:80:Infinity":41,"s:81:4:81:Infinity":42,"f:83:16:83:26":7,"s:84:19:86:31":43,"s:87:4:88:Infinity":44,"b:88:88:88:102:88:106:88:110":12,"b:88:125:88:138:88:142:88:144":13,"b:88:146:88:163:88:167:88:169":14,"b:88:171:88:183:88:187:88:193":15,"b:88:195:88:209:88:213:88:221":16,"b:88:223:88:237:88:241:88:242":17,"b:88:244:88:258:88:262:88:264":18,"b:88:266:88:281:88:285:88:289":19,"b:88:291:88:304:88:308:88:312":20,"b:88:334:88:335:88:338:88:339":21,"b:88:341:88:352:88:356:88:366":22,"b:89:4:94:Infinity:undefined:undefined:undefined:undefined":23,"s:89:4:94:Infinity":45,"s:90:26:90:116":46,"s:91:8:93:Infinity":47,"s:92:12:92:Infinity":48,"b:95:4:97:Infinity:undefined:undefined:undefined:undefined":24,"s:95:4:97:Infinity":49,"b:95:8:95:37:95:41:95:68":25,"s:96:8:96:Infinity":50,"s:98:4:98:Infinity":51,"s:100:19:113:1":52,"f:111:36:111:37":8,"s:111:43:111:52":53,"b:111:47:111:48:111:51:111:52":26,"f:114:16:114:26":9,"s:115:16:115:71":54,"b:116:4:117:Infinity:undefined:undefined:undefined:undefined":27,"s:116:4:117:Infinity":55,"s:117:8:117:Infinity":56,"s:118:19:118:21":57,"s:119:19:119:21":58,"s:120:4:125:Infinity":59,"b:121:8:124:Infinity:undefined:undefined:undefined:undefined":28,"s:121:8:124:Infinity":60,"s:122:12:122:Infinity":61,"s:123:12:123:Infinity":62,"b:123:36:123:57:123:60:123:70":29,"b:126:4:128:Infinity:undefined:undefined:undefined:undefined":30,"s:126:4:128:Infinity":63,"s:127:8:127:Infinity":64,"b:129:4:135:Infinity:undefined:undefined:undefined:undefined":31,"s:129:4:135:Infinity":65,"s:130:8:130:Infinity":66,"s:131:26:131:116":67,"s:132:8:134:Infinity":68,"s:133:12:133:Infinity":69,"b:136:4:138:Infinity:undefined:undefined:undefined:undefined":32,"s:136:4:138:Infinity":70,"b:136:8:136:37:136:41:136:68":33,"s:137:8:137:Infinity":71,"s:139:4:139:Infinity":72,"f:141:16:141:38":10,"s:142:16:142:82":73,"b:143:4:144:Infinity:undefined:undefined:undefined:undefined":34,"s:143:4:144:Infinity":74,"s:144:8:144:Infinity":75,"s:145:21:145:34":76,"s:146:21:146:128":77,"s:147:19:147:75":78,"f:147:32:147:33":11,"s:147:37:147:49":79,"f:147:58:147:59":12,"s:147:65:147:74":80,"s:148:17:148:71":81,"f:148:30:148:31":13,"s:148:35:148:45":82,"f:148:54:148:55":14,"s:148:61:148:70":83,"b:149:4:150:Infinity:undefined:undefined:undefined:undefined":35,"s:149:4:150:Infinity":84,"b:149:8:149:27:149:31:149:48":36,"s:150:8:150:Infinity":85,"s:151:21:151:69":86,"b:151:41:151:62:151:65:151:69":37,"s:152:19:152:67":87,"b:152:37:152:60:152:63:152:67":38,"s:153:19:153:21":88,"s:154:19:154:21":89,"b:155:4:158:Infinity:undefined:undefined:undefined:undefined":39,"s:155:4:158:Infinity":90,"s:156:8:156:Infinity":91,"s:157:8:157:Infinity":92,"b:159:4:162:Infinity:undefined:undefined:undefined:undefined":40,"s:159:4:162:Infinity":93,"s:160:8:160:Infinity":94,"s:161:8:161:Infinity":95,"b:163:4:166:Infinity:undefined:undefined:undefined:undefined":41,"s:163:4:166:Infinity":96,"s:164:8:164:Infinity":97,"s:165:8:165:Infinity":98,"f:168:16:168:32":15,"s:169:22:169:24":99,"s:170:18:170:24":100,"s:171:20:171:29":101,"s:172:4:184:Infinity":102,"b:173:8:174:Infinity:undefined:undefined:undefined:undefined":42,"s:173:8:174:Infinity":103,"s:174:12:174:Infinity":104,"s:175:8:175:Infinity":105,"s:176:20:176:87":106,"b:177:8:178:Infinity:undefined:undefined:undefined:undefined":43,"s:177:8:178:Infinity":107,"s:178:12:178:Infinity":108,"s:179:23:179:45":109,"b:180:8:181:Infinity:undefined:undefined:undefined:undefined":44,"s:180:8:181:Infinity":110,"s:181:12:181:Infinity":111,"s:182:8:182:Infinity":112,"s:183:8:183:Infinity":113,"s:185:4:185:Infinity":114,"f:187:16:187:26":16,"s:188:19:188:71":115,"s:189:4:189:Infinity":116,"f:191:16:191:32":17,"s:192:18:192:29":117,"s:193:20:193:29":118,"s:194:4:204:Infinity":119,"b:195:8:196:Infinity:undefined:undefined:undefined:undefined":45,"s:195:8:196:Infinity":120,"s:196:12:196:Infinity":121,"b:197:8:198:Infinity:undefined:undefined:undefined:undefined":46,"s:197:8:198:Infinity":122,"s:198:12:198:Infinity":123,"s:199:8:199:Infinity":124,"s:200:20:200:87":125,"b:201:8:202:Infinity:undefined:undefined:undefined:undefined":47,"s:201:8:202:Infinity":126,"s:202:12:202:Infinity":127,"s:203:8:203:Infinity":128,"s:205:4:205:Infinity":129,"f:207:16:207:28":18,"s:208:19:208:70":130,"s:209:4:213:Infinity":131,"f:209:19:209:20":19,"s:210:8:212:Infinity":132,"s:211:12:211:Infinity":133}}}
,"/workspace/api/src/__tests__/helpers.ts": {"path":"/workspace/api/src/__tests__/helpers.ts","statementMap":{"0":{"start":{"line":6,"column":6},"end":{"line":6,"column":null}},"1":{"start":{"line":10,"column":13},"end":{"line":10,"column":null}},"2":{"start":{"line":11,"column":2},"end":{"line":11,"column":null}},"3":{"start":{"line":12,"column":2},"end":{"line":12,"column":null}},"4":{"start":{"line":13,"column":8},"end":{"line":13,"column":null}},"5":{"start":{"line":14,"column":2},"end":{"line":14,"column":null}},"6":{"start":{"line":15,"column":8},"end":{"line":15,"column":null}},"7":{"start":{"line":16,"column":2},"end":{"line":16,"column":null}},"8":{"start":{"line":17,"column":8},"end":{"line":17,"column":null}},"9":{"start":{"line":18,"column":2},"end":{"line":18,"column":null}},"10":{"start":{"line":19,"column":8},"end":{"line":19,"column":null}},"11":{"start":{"line":20,"column":2},"end":{"line":20,"column":null}},"12":{"start":{"line":21,"column":2},"end":{"line":21,"column":null}}},"fnMap":{"0":{"name":"createTestDb","decl":{"start":{"line":9,"column":16},"end":{"line":9,"column":50}},"loc":{"start":{"line":9,"column":50},"end":{"line":22,"column":null}},"line":9}},"branchMap":{},"s":{"0":4,"1":137,"2":137,"3":137,"4":137,"5":137,"6":137,"7":137,"8":137,"9":137,"10":137,"11":137,"12":137},"f":{"0":137},"b":{},"meta":{"lastBranch":0,"lastFunction":1,"lastStatement":13,"seen":{"s:6:6:6:Infinity":0,"f:9:16:9:50":0,"s:10:13:10:Infinity":1,"s:11:2:11:Infinity":2,"s:12:2:12:Infinity":3,"s:13:8:13:Infinity":4,"s:14:2:14:Infinity":5,"s:15:8:15:Infinity":6,"s:16:2:16:Infinity":7,"s:17:8:17:Infinity":8,"s:18:2:18:Infinity":9,"s:19:8:19:Infinity":10,"s:20:2:20:Infinity":11,"s:21:2:21:Infinity":12}}}
,"/workspace/api/src/plugins/auth.ts": {"path":"/workspace/api/src/plugins/auth.ts","statementMap":{"0":{"start":{"line":10,"column":2},"end":{"line":15,"column":null}},"1":{"start":{"line":11,"column":4},"end":{"line":13,"column":null}},"2":{"start":{"line":12,"column":6},"end":{"line":12,"column":null}},"3":{"start":{"line":14,"column":4},"end":{"line":14,"column":null}}},"fnMap":{"0":{"name":"authPlugin","decl":{"start":{"line":9,"column":22},"end":{"line":9,"column":33}},"loc":{"start":{"line":9,"column":59},"end":{"line":17,"column":null}},"line":9},"1":{"name":"(anonymous_1)","decl":{"start":{"line":11,"column":34},"end":{"line":11,"column":41}},"loc":{"start":{"line":11,"column":49},"end":{"line":13,"column":5}},"line":11}},"branchMap":{"0":{"loc":{"start":{"line":10,"column":2},"end":{"line":15,"column":null}},"type":"if","locations":[{"start":{"line":10,"column":2},"end":{"line":15,"column":null}},{"start":{},"end":{}}],"line":10}},"s":{"0":100,"1":100,"2":0,"3":100},"f":{"0":100,"1":0},"b":{"0":[100,0]},"meta":{"lastBranch":1,"lastFunction":2,"lastStatement":4,"seen":{"f:9:22:9:33":0,"b:10:2:15:Infinity:undefined:undefined:undefined:undefined":0,"s:10:2:15:Infinity":0,"s:11:4:13:Infinity":1,"f:11:34:11:41":1,"s:12:6:12:Infinity":2,"s:14:4:14:Infinity":3}}}
,"/workspace/api/src/routes/health.ts": {"path":"/workspace/api/src/routes/health.ts","statementMap":{"0":{"start":{"line":5,"column":2},"end":{"line":8,"column":null}},"1":{"start":{"line":6,"column":4},"end":{"line":6,"column":null}},"2":{"start":{"line":7,"column":4},"end":{"line":7,"column":null}}},"fnMap":{"0":{"name":"healthRoutes","decl":{"start":{"line":4,"column":22},"end":{"line":4,"column":35}},"loc":{"start":{"line":4,"column":61},"end":{"line":9,"column":null}},"line":4},"1":{"name":"(anonymous_1)","decl":{"start":{"line":5,"column":25},"end":{"line":5,"column":37}},"loc":{"start":{"line":5,"column":37},"end":{"line":8,"column":3}},"line":5}},"branchMap":{},"s":{"0":100,"1":1,"2":1},"f":{"0":100,"1":1},"b":{},"meta":{"lastBranch":0,"lastFunction":2,"lastStatement":3,"seen":{"f:4:22:4:35":0,"s:5:2:8:Infinity":0,"f:5:25:5:37":1,"s:6:4:6:Infinity":1,"s:7:4:7:Infinity":2}}}
,"/workspace/api/src/routes/importExport.ts": {"path":"/workspace/api/src/routes/importExport.ts","statementMap":{"0":{"start":{"line":8,"column":20},"end":{"line":8,"column":null}},"1":{"start":{"line":11,"column":2},"end":{"line":13,"column":null}},"2":{"start":{"line":12,"column":4},"end":{"line":12,"column":null}},"3":{"start":{"line":14,"column":2},"end":{"line":14,"column":null}},"4":{"start":{"line":17,"column":25},"end":{"line":17,"column":null}},"5":{"start":{"line":18,"column":25},"end":{"line":18,"column":null}},"6":{"start":{"line":21,"column":12},"end":{"line":21,"column":null}},"7":{"start":{"line":22,"column":2},"end":{"line":22,"column":null}},"8":{"start":{"line":25,"column":12},"end":{"line":25,"column":null}},"9":{"start":{"line":26,"column":2},"end":{"line":26,"column":null}},"10":{"start":{"line":29,"column":12},"end":{"line":29,"column":null}},"11":{"start":{"line":30,"column":2},"end":{"line":30,"column":null}},"12":{"start":{"line":33,"column":2},"end":{"line":33,"column":null}},"13":{"start":{"line":36,"column":2},"end":{"line":36,"column":null}},"14":{"start":{"line":40,"column":2},"end":{"line":140,"column":null}},"15":{"start":{"line":43,"column":19},"end":{"line":43,"column":null}},"16":{"start":{"line":44,"column":6},"end":{"line":46,"column":null}},"17":{"start":{"line":45,"column":8},"end":{"line":45,"column":null}},"18":{"start":{"line":48,"column":24},"end":{"line":48,"column":null}},"19":{"start":{"line":49,"column":12},"end":{"line":49,"column":null}},"20":{"start":{"line":50,"column":6},"end":{"line":52,"column":null}},"21":{"start":{"line":51,"column":8},"end":{"line":51,"column":null}},"22":{"start":{"line":54,"column":24},"end":{"line":54,"column":null}},"23":{"start":{"line":55,"column":25},"end":{"line":55,"column":null}},"24":{"start":{"line":58,"column":6},"end":{"line":60,"column":null}},"25":{"start":{"line":59,"column":8},"end":{"line":59,"column":null}},"26":{"start":{"line":63,"column":33},"end":{"line":65,"column":null}},"27":{"start":{"line":69,"column":20},"end":{"line":69,"column":null}},"28":{"start":{"line":70,"column":31},"end":{"line":75,"column":null}},"29":{"start":{"line":71,"column":14},"end":{"line":71,"column":null}},"30":{"start":{"line":72,"column":22},"end":{"line":72,"column":null}},"31":{"start":{"line":73,"column":8},"end":{"line":73,"column":null}},"32":{"start":{"line":73,"column":19},"end":{"line":73,"column":null}},"33":{"start":{"line":74,"column":8},"end":{"line":74,"column":null}},"34":{"start":{"line":77,"column":23},"end":{"line":134,"column":null}},"35":{"start":{"line":79,"column":27},"end":{"line":84,"column":null}},"36":{"start":{"line":85,"column":8},"end":{"line":102,"column":null}},"37":{"start":{"line":86,"column":10},"end":{"line":101,"column":null}},"38":{"start":{"line":105,"column":26},"end":{"line":105,"column":null}},"39":{"start":{"line":106,"column":8},"end":{"line":110,"column":null}},"40":{"start":{"line":107,"column":30},"end":{"line":107,"column":null}},"41":{"start":{"line":108,"column":30},"end":{"line":108,"column":null}},"42":{"start":{"line":109,"column":10},"end":{"line":109,"column":null}},"43":{"start":{"line":109,"column":27},"end":{"line":109,"column":null}},"44":{"start":{"line":113,"column":26},"end":{"line":115,"column":null}},"45":{"start":{"line":116,"column":8},"end":{"line":123,"column":null}},"46":{"start":{"line":117,"column":24},"end":{"line":117,"column":null}},"47":{"start":{"line":118,"column":10},"end":{"line":122,"column":null}},"48":{"start":{"line":119,"column":12},"end":{"line":119,"column":null}},"49":{"start":{"line":119,"column":47},"end":{"line":119,"column":null}},"50":{"start":{"line":120,"column":30},"end":{"line":120,"column":null}},"51":{"start":{"line":121,"column":12},"end":{"line":121,"column":null}},"52":{"start":{"line":121,"column":27},"end":{"line":121,"column":null}},"53":{"start":{"line":126,"column":8},"end":{"line":131,"column":null}},"54":{"start":{"line":127,"column":30},"end":{"line":127,"column":null}},"55":{"start":{"line":128,"column":10},"end":{"line":130,"column":null}},"56":{"start":{"line":129,"column":12},"end":{"line":129,"column":null}},"57":{"start":{"line":133,"column":8},"end":{"line":133,"column":null}},"58":{"start":{"line":136,"column":23},"end":{"line":136,"column":null}},"59":{"start":{"line":137,"column":6},"end":{"line":137,"column":null}},"60":{"start":{"line":138,"column":6},"end":{"line":138,"column":null}},"61":{"start":{"line":142,"column":2},"end":{"line":163,"column":null}},"62":{"start":{"line":145,"column":12},"end":{"line":145,"column":null}},"63":{"start":{"line":147,"column":6},"end":{"line":149,"column":null}},"64":{"start":{"line":148,"column":8},"end":{"line":148,"column":null}},"65":{"st
[...]
ldCreateCycle","decl":{"start":{"line":298,"column":16},"end":{"line":298,"column":33}},"loc":{"start":{"line":298,"column":79},"end":{"line":310,"column":null}},"line":298},"18":{"name":"reorderTasks","decl":{"start":{"line":312,"column":16},"end":{"line":312,"column":29}},"loc":{"start":{"line":312,"column":76},"end":{"line":319,"column":null}},"line":312},"19":{"name":"(anonymous_19)","decl":{"start":{"line":314,"column":5},"end":{"line":314,"column":23}},"loc":{"start":{"line":314,"column":23},"end":{"line":318,"column":3}},"line":314}},"branchMap":{"0":{"loc":{"start":{"line":28,"column":14},"end":{"line":28,"column":null}},"type":"binary-expr","locations":[{"start":{"line":28,"column":14},"end":{"line":28,"column":31}},{"start":{"line":28,"column":31},"end":{"line":28,"column":null}}],"line":28},"1":{"loc":{"start":{"line":49,"column":2},"end":{"line":49,"column":null}},"type":"if","locations":[{"start":{"line":49,"column":2},"end":{"line":49,"column":null}},{"start":{},"end":{}}],"line":49},"2":{"loc":{"start":{"line":68,"column":16},"end":{"line":68,"column":null}},"type":"binary-expr","locations":[{"start":{"line":68,"column":16},"end":{"line":68,"column":47}},{"start":{"line":68,"column":47},"end":{"line":68,"column":null}}],"line":68},"3":{"loc":{"start":{"line":73,"column":16},"end":{"line":73,"column":null}},"type":"binary-expr","locations":[{"start":{"line":73,"column":16},"end":{"line":73,"column":49}},{"start":{"line":73,"column":49},"end":{"line":73,"column":null}}],"line":73},"4":{"loc":{"start":{"line":80,"column":18},"end":{"line":80,"column":null}},"type":"binary-expr","locations":[{"start":{"line":80,"column":18},"end":{"line":80,"column":39}},{"start":{"line":80,"column":39},"end":{"line":80,"column":null}}],"line":80},"5":{"loc":{"start":{"line":81,"column":16},"end":{"line":81,"column":null}},"type":"binary-expr","locations":[{"start":{"line":81,"column":16},"end":{"line":81,"column":37}},{"start":{"line":81,"column":37},"end":{"line":81,"column":null}}],"line":81},"6":{"loc":{"start":{"line":100,"column":2},"end":{"line":103,"column":null}},"type":"if","locations":[{"start":{"line":100,"column":2},"end":{"line":103,"column":null}},{"start":{},"end":{}}],"line":100},"7":{"loc":{"start":{"line":104,"column":2},"end":{"line":107,"column":null}},"type":"if","locations":[{"start":{"line":104,"column":2},"end":{"line":107,"column":null}},{"start":{},"end":{}}],"line":104},"8":{"loc":{"start":{"line":108,"column":2},"end":{"line":111,"column":null}},"type":"if","locations":[{"start":{"line":108,"column":2},"end":{"line":111,"column":null}},{"start":{},"end":{}}],"line":108},"9":{"loc":{"start":{"line":118,"column":16},"end":{"line":118,"column":null}},"type":"binary-expr","locations":[{"start":{"line":118,"column":16},"end":{"line":118,"column":31}},{"start":{"line":118,"column":31},"end":{"line":118,"column":null}}],"line":118},"10":{"loc":{"start":{"line":119,"column":17},"end":{"line":119,"column":null}},"type":"binary-expr","locations":[{"start":{"line":119,"column":17},"end":{"line":119,"column":33}},{"start":{"line":119,"column":33},"end":{"line":119,"column":null}}],"line":119},"11":{"loc":{"start":{"line":131,"column":2},"end":{"line":131,"column":null}},"type":"if","locations":[{"start":{"line":131,"column":2},"end":{"line":131,"column":null}},{"start":{},"end":{}}],"line":131},"12":{"loc":{"start":{"line":166,"column":4},"end":{"line":166,"column":null}},"type":"binary-expr","locations":[{"start":{"line":166,"column":4},"end":{"line":166,"column":22}},{"start":{"line":166,"column":22},"end":{"line":166,"column":null}}],"line":166},"13":{"loc":{"start":{"line":168,"column":4},"end":{"line":168,"column":null}},"type":"binary-expr","locations":[{"start":{"line":168,"column":4},"end":{"line":168,"column":21}},{"start":{"line":168,"column":21},"end":{"line":168,"column":null}}],"line":168},"14":{"loc":{"start":{"line":169,"column":4},"end":{"line":169,"column":null}},"type":"binary-expr","locations":[{"start":{"line":169,"column":4},"end":{"line":169,"column":25}},{"start":{"line":169,"column":25},"end":{"line":169,"column":null}}],"line":169},"15":{"loc":{"start":{"line":170,"column":4},"end":{"line":170,"column":null}},"type":"binary-expr","locations":[{"start":{"line":170,"column":4},"end":{"line":170,"column":20}},{"start":{"line":170,"column":20},"end":{"line":170,"column":null}}],"line":170},"16":{"loc":{"start":{"line":171,"column":4},"end":{"line":171,"column":null}},"type":"binary-expr","locations":[{"start":{"line":171,"column":4},"end":{"line":171,"column":22}},{"start":{"line":171,"column":22},"end":{"line":171,"column":null}}],"line":171},"17":{"loc":{"start":{"line":172,"column":4},"end":{"line":172,"column":null}},"type":"binary-expr","locations":[{"start":{"line":172,"column":4},"end":{"line":172,"column":22}},{"start":{"line":172,"column":22},"end":{"line":172,"column":null}}],"line":172},"18":{"loc":{"start":{"line":173,"column":4},"end":{"line":173,"column":null}},"type":"binary-expr","locations":[{"start":{"line":173,"column":4},"end":{"line":173,"column":22}},{"start":{"line":173,"column":22},"end":{"line":173,"column":null}}],"line":173},"19":{"loc":{"start":{"line":174,"column":4},"end":{"line":174,"column":null}},"type":"binary-expr","locations":[{"start":{"line":174,"column":4},"end":{"line":174,"column":23}},{"start":{"line":174,"column":23},"end":{"line":174,"column":null}}],"line":174},"20":{"loc":{"start":{"line":175,"column":4},"end":{"line":175,"column":null}},"type":"binary-expr","locations":[{"start":{"line":175,"column":4},"end":{"line":175,"column":21}},{"start":{"line":175,"column":21},"end":{"line":175,"column":null}}],"line":175},"21":{"loc":{"start":{"line":176,"column":4},"end":{"line":176,"column":null}},"type":"cond-expr","locations":[{"start":{"line":176,"column":24},"end":{"line":176,"column":28}},{"start":{"line":176,"column":28},"end":{"line":176,"column":null}}],"line":176},"22":{"loc":{"start":{"line":177,"column":4},"end":{"line":177,"column":null}},"type":"binary-expr","locations":[{"start":{"line":177,"column":4},"end":{"line":177,"column":19}},{"start":{"line":177,"column":19},"end":{"line":177,"column":null}}],"line":177},"23":{"loc":{"start":{"line":181,"column":2},"end":{"line":188,"column":null}},"type":"if","locations":[{"start":{"line":181,"column":2},"end":{"line":188,"column":null}},{"start":{},"end":{}}],"line":181},"24":{"loc":{"start":{"line":190,"column":2},"end":{"line":192,"column":null}},"type":"if","locations":[{"start":{"line":190,"column":2},"end":{"line":192,"column":null}},{"start":{},"end":{}}],"line":190},"25":{"loc":{"start":{"line":190,"column":6},"end":{"line":190,"column":68}},"type":"binary-expr","locations":[{"start":{"line":190,"column":6},"end":{"line":190,"column":39}},{"start":{"line":190,"column":39},"end":{"line":190,"column":68}}],"line":190},"26":{"loc":{"start":{"line":211,"column":41},"end":{"line":211,"column":50}},"type":"cond-expr","locations":[{"start":{"line":211,"column":45},"end":{"line":211,"column":49}},{"start":{"line":211,"column":49},"end":{"line":211,"column":50}}],"line":211},"27":{"loc":{"start":{"line":217,"column":2},"end":{"line":217,"column":null}},"type":"if","locations":[{"start":{"line":217,"column":2},"end":{"line":217,"column":null}},{"start":{},"end":{}}],"line":217},"28":{"loc":{"start":{"line":222,"column":4},"end":{"line":225,"column":null}},"type":"if","locations":[{"start":{"line":222,"column":4},"end":{"line":225,"column":null}},{"start":{},"end":{}}],"line":222},"29":{"loc":{"start":{"line":224,"column":18},"end":{"line":224,"column":64}},"type":"cond-expr","locations":[{"start":{"line":224,"column":30},"end":{"line":224,"column":54}},{"start":{"line":224,"column":54},"end":{"line":224,"column":64}}],"line":224},"30":{"loc":{"start":{"line":228,"column":2},"end":{"line":230,"column":null}},"type":"if","locations":[{"start":{"line":228,"column":2},"end":{"line":230,"column":null}},{"start":{},"end":{}}],"line":228},"31":{"loc":{"start":{"line":232,"column":2},"end":{"line":240,"column":null}},"type":"if","locations":[{"start":{"line":232,"column":2},"end":{"line":240,"column":null}},{"start":{},"end":{}}],"line":232},"32":{"loc":{"start":{"line":242,"column":2},"end":{"line":244,"column":null}},"type":"if","locations":[{"start":{"line":242,"column":2},"end":{"line":244,"column":null}},{"start":{},"end":{}}],"line":242},"33":{"loc":{"start":{"line":242,"column":6},"end":{"line":242,"column":68}},"type":"binary-expr","locations":[{"start":{"line":242,"column":6},"end":{"line":242,"column":39}},{"start":{"line":242,"column":39},"end":{"line":242,"column":68}}],"line":242},"34":{"loc":{"start":{"line":251,"column":2},"end":{"line":251,"column":null}},"type":"if","locations":[{"start":{"line":251,"column":2},"end":{"line":251,"column":null}},{"start":{},"end":{}}],"line":251},"35":{"loc":{"start":{"line":260,"column":2},"end":{"line":260,"column":null}},"type":"if","locations":[{"start":{"line":260,"column":2},"end":{"line":260,"column":null}},{"start":{},"end":{}}],"line":260},"36":{"loc":{"start":{"line":260,"column":6},"end":{"line":260,"column":48}},"type":"binary-expr","locations":[{"start":{"line":260,"column":6},"end":{"line":260,"column":29}},{"start":{"line":260,"column":29},"end":{"line":260,"column":48}}],"line":260},"37":{"loc":{"start":{"line":262,"column":19},"end":{"line":262,"column":null}},"type":"cond-expr","locations":[{"start":{"line":262,"column":39},"end":{"line":262,"column":63}},{"start":{"line":262,"column":63},"end":{"line":262,"column":null}}],"line":262},"38":{"loc":{"start":{"line":263,"column":19},"end":{"line":263,"column":null}},"type":"cond-expr","locations":[{"start":{"line":263,"column":39},"end":{"line":263,"column":66}},{"start":{"line":263,"column":66},"end":{"line":263,"column":null}}],"line":263},"39":{"loc":{"start":{"line":267,"column":2},"end":{"line":267,"column":null}},"type":"if","locations":[{"start":{"line":267,"column":2},"end":{"line":267,"column":null}},{"start":{},"end":{}}],"line":267},"40":{"loc":{"start":{"line":268,"column":2},"end":{"line":268,"column":null}},"type":"if","locations":[{"start":{"line":268,"column":2},"end":{"line":268,"column":null}},{"start":{},"end":{}}],"line":268},"41":{"loc":{"start":{"line":270,"column":2},"end":{"line":273,"column":null}},"type":"if","locations":[{"start":{"line":270,"column":2},"end":{"line":273,"column":null}},{"start":{},"end":{}}],"line":270},"42":{"loc":{"start":{"line":281,"column":4},"end":{"line":281,"column":null}},"type":"if","locations":[{"start":{"line":281,"column":4},"end":{"line":281,"column":null}},{"start":{},"end":{}}],"line":281},"43":{"loc":{"start":{"line":284,"column":4},"end":{"line":284,"column":null}},"type":"if","locations":[{"start":{"line":284,"column":4},"end":{"line":284,"column":null}},{"start":{},"end":{}}],"line":284},"44":{"loc":{"start":{"line":286,"column":4},"end":{"line":286,"column":null}},"type":"if","locations":[{"start":{"line":286,"column":4},"end":{"line":286,"column":null}},{"start":{},"end":{}}],"line":286},"45":{"loc":{"start":{"line":302,"column":4},"end":{"line":302,"column":null}},"type":"if","locations":[{"start":{"line":302,"column":4},"end":{"line":302,"column":null}},{"start":{},"end":{}}],"line":302},"46":{"loc":{"start":{"line":303,"column":4},"end":{"line":303,"column":null}},"type":"if","locations":[{"start":{"line":303,"column":4},"end":{"line":303,"column":null}},{"start":{},"end":{}}],"line":303},"47":{"loc":{"start":{"line":306,"column":4},"end":{"line":306,"column":null}},"type":"if","locations":[{"start":{"line":306,"column":4},"end":{"line":306,"column":null}},{"start":{},"end":{}}],"line":306}},"s":{"0":407,"1":281,"2":407,"3":281,"4":5,"5":276,"6":407,"7":276,"8":276,"9":276,"10":276,"11":276,"12":11,"13":11,"14":11,"15":276,"16":7,"17":7,"18":7,"19":276,"20":407,"21":46,"22":46,"23":46,"24":3,"25":3,"26":46,"27":1,"28":1,"29":46,"30":1,"31":1,"32":46,"33":46,"34":46,"35":46,"36":46,"37":46,"38":46,"39":243,"40":243,"41":8,"42":235,"43":135,"44":135,"45":135,"46":5,"47":5,"48":5,"49":134,"50":37,"51":134,"52":3,"53":2,"54":20,"55":20,"56":4,"57":16,"58":16,"59":16,"60":192,"61":23,"62":23,"63":16,"64":14,"65":16,"66":2,"67":2,"68":2,"69":2,"70":16,"71":9,"72":16,"73":179,"74":179,"75":48,"76":131,"77":131,"78":131,"79":133,"80":133,"81":131,"82":133,"83":133,"84":131,"85":3,"86":128,"87":179,"88":179,"89":179,"90":179,"91":128,"92":128,"93":128,"94":128,"95":128,"96":128,"97":128,"98":128,"99":6,"100":6,"101":6,"102":6,"103":29,"104":0,"105":29,"106":29,"107":29,"108":6,"109":23,"110":23,"111":0,"112":23,"113":23,"114":6,"115":6,"116":6,"117":4,"118":4,"119":4,"120":6,"121":1,"122":5,"123":0,"124":5,"125":5,"126":5,"127":0,"128":5,"129":3,"130":5,"131":5,"132":5,"133":7},"f":{"0":407,"1":281,"2":407,"3":407,"4":407,"5":46,"6":243,"7":135,"8":2,"9":20,"10":179,"11":133,"12":133,"13":133,"14":133,"15":6,"16":6,"17":4,"18":5,"19":5},"b":{"0":[407,314],"1":[5,276],"2":[11,11],"3":[7,7],"4":[407,396],"5":[407,400],"6":[3,43],"7":[1,45],"8":[1,45],"9":[46,39],"10":[46,44],"11":[8,235],"12":[135,102],"13":[135,134],"14":[135,132],"15":[135,112],"16":[135,116],"17":[135,131],"18":[135,115],"19":[135,98],"20":[135,98],"21":[3,132],"22":[135,135],"23":[5,130],"24":[37,97],"25":[134,97],"26":[1,1],"27":[4,16],"28":[23,169],"29":[2,21],"30":[14,2],"31":[2,14],"32":[9,7],"33":[16,8],"34":[48,131],"35":[3,128],"36":[131,3],"37":[128,0],"38":[128,0],"39":[128,51],"40":[128,0],"41":[128,0],"42":[0,29],"43":[6,23],"44":[0,23],"45":[1,5],"46":[0,5],"47":[0,5]},"meta":{"lastBranch":48,"lastFunction":20,"lastStatement":134,"seen":{"f:24:9:24:19":0,"s:25:2:44:Infinity":0,"b:28:14:28:31:28:31:28:Infinity":0,"f:47:9:47:20":1,"s:48:14:48:Infinity":1,"f:48:20:48:24":2,"s:48:29:48:33":2,"b:49:2:49:Infinity:undefined:undefined:undefined:undefined":1,"s:49:2:49:Infinity":3,"s:49:24:49:Infinity":4,"s:51:23:51:Infinity":5,"f:51:27:51:37":3,"s:51:37:51:40":6,"s:52:26:56:Infinity":7,"s:58:24:62:Infinity":8,"s:64:18:64:Infinity":9,"s:65:18:65:Infinity":10,"s:67:2:71:Infinity":11,"s:68:16:68:Infinity":12,"b:68:16:68:47:68:47:68:Infinity":2,"s:69:4:69:Infinity":13,"s:70:4:70:Infinity":14,"s:72:2:76:Infinity":15,"s:73:16:73:Infinity":16,"b:73:16:73:49:73:49:73:Infinity":3,"s:74:4:74:Infinity":17,"s:75:4:75:Infinity":18,"s:78:2:82:Infinity":19,"f:78:15:78:19":4,"s:78:25:82:4":20,"b:80:18:80:39:80:39:80:Infinity":4,"b:81:16:81:37:81:37:81:Infinity":5,"f:93:16:93:Infinity":5,"s:97:31:97:Infinity":21,"s:98:28:98:Infinity":22,"b:100:2:103:Infinity:undefined:undefined:undefined:undefined":6,"s:100:2:103:Infinity":23,"s:101:4:101:Infinity":24,"s:102:4:102:Infinity":25,"b:104:2:107:Infinity:undefined:undefined:undefined:undefined":7,"s:104:2:107:Infinity":26,"s:105:4:105:Infinity":27,"s:106:4:106:Infinity":28,"b:108:2:111:Infinity:undefined:undefined:undefined:undefined":8,"s:108:2:111:Infinity":29,"s:109:4:109:Infinity":30,"s:110:4:110:Infinity":31,"s:113:16:113:Infinity":32,"s:115:4:116:Infinity":33,"s:118:16:118:Infinity":34,"b:118:16:118:31:118:31:118:Infinity":9,"s:119:17:119:Infinity":35,"b:119:17:119:33:119:33:119:Infinity":10,"s:121:15:123:Infinity":36,"s:125:16:125:Infinity":37,"s:126:2:126:Infinity":38,"f:129:16:129:24":6,"s:130:14:130:Infinity":39,"b:131:2:131:Infinity:undefined:undefined:undefined:undefined":11,"s:131:2:131:Infinity":40,"s:131:12:131:Infinity":41,"s:132:2:132:Infinity":42,"f:153:16:153:27":7,"s:155:4:157:Infinity":43,"s:160:2:179:Infinity":44,"b:166:4:166:22:166:22:166:Infinity":12,"b:168:4:168:21:168:21:168:Infinity":13,"b:169:4:169:25:169:25:169:Infinity":14,"b:170:4:170:20:170:20:170:Infinity":15,"b:171:4:171:22:171:22:171:Infinity":16,"b:172:4:172:22:172:22:172:Infinity":17,"b:173:4:173:22:173:22:173:Infinity":18,"b:174:4:174:23:174:23:174:Infinity":19,"b:175:4:175:21:175:21:175:Infinity":20,"b:176:24:176:28:176:28:176:Infinity":21,"b:177:4:177:19:177:19:177:Infinity":22,"b:181:2:188:Infinity:undefined:undefined:undefined:undefined":23,"s:181:2:188:Infinity":45,"s:182:22:184:Infinity":46,"s:185:4:187:Infinity":47,"s:186:6:186:Infinity":48,"b:190:2:192:Infinity:undefined:undefined:undefined:undefined":24,"s:190:2:192:Infinity":49,"b:190:6:190:39:190:39:190:68":25,"s:191:4:191:Infinity":50,"s:194:2:194:Infinity":51,"s:200:31:213:Infinity":52,"f:211:35:211:41":8,"s:211:41:211:50":53,"b:211:45:211:49:211:49:211:50":26,"f:215:16:215:27":9,"s:216:14:216:Infinity":54,"b:217:2:217:Infinity:undefined:undefined:undefined:undefined":27,"s:217:2:217:Infinity":55,"s:217:12:217:Infinity":56,"s:219:27:219:Infinity":57,"s:220:28:220:Infinity":58,"s:221:2:226:Infinity":59,"b:222:4:225:Infinity:undefined:undefined:undefined:undefined":28,"s:222:4:225:Infinity":60,"s:223:6:223:Infinity":61,"s:224:6:224:Infinity":62,"b:224:30:224:54:224:54:224:64":29,"b:228:2:230:Infinity:undefined:undefined:undefined:undefined":30,"s:228:2:230:Infinity":63,"s:229:4:229:Infinity":64,"b:232:2:240:Infinity:undefined:undefined:undefined:undefined":31,"s:232:2:240:Infinity":65,"s:233:4:233:Infinity":66,"s:234:22:236:Infinity":67,"s:237:4:239:Infinity":68,"s:238:6:238:Infinity":69,"b:242:2:244:Infinity:undefined:undefined:undefined:undefined":32,"s:242:2:244:Infinity":70,"b:242:6:242:39:242:39:242:68":33,"s:243:4:243:Infinity":71,"s:246:2:246:Infinity":72,"f:249:16:249:39":10,"s:250:14:250:Infinity":73,"b:251:2:251:Infinity:undefined:undefined:undefined:undefined":34,"s:251:2:251:Infinity":74,"s:251:23:251:Infinity":75,"s:252:19:252:Infinity":76,"s:254:19:256:Infinity":77,"s:258:17:258:Infinity":78,"f:258:26:258:30":11,"s:258:35:258:47":79,"f:258:49:258:57":12,"s:258:76:258:85":80,"s:259:17:259:Infinity":81,"f:259:26:259:30":13,"s:259:35:259:45":82,"f:259:47:259:55":14,"s:259:74:259:83":83,"b:260:2:260:Infinity:undefined:undefined:undefined:undefined":35,"s:260:2:260:Infinity":84,"b:260:6:260:29:260:29:260:48":36,"s:260:48:260:Infinity":85,"s:262:19:262:Infinity":86,"b:262:39:262:63:262:63:262:Infinity":37,"s:263:19:263:Infinity":87,"b:263:39:263:66:263:66:263:Infinity":38,"s:265:27:265:Infinity":88,"s:266:28:266:Infinity":89,"b:267:2:267:Infinity:undefined:undefined:undefined:undefined":39,"s:267:2:267:Infinity":90,"s:267:27:267:58":91,"s:267:58:267:81":92,"b:268:2:268:Infinity:undefined:undefined:undefined:undefined":40,"s:268:2:268:Infinity":93,"s:268:27:268:58":94,"s:268:58:268:79":95,"b:270:2:273:Infinity:undefined:undefined:undefined:undefined":41,"s:270:2:273:Infinity":96,"s:271:4:271:Infinity":97,"s:272:4:272:Infinity":98,"f:276:16:276:33":15,"s:277:42:277:Infinity":99,"s:278:16:278:Infinity":100,"s:279:18:279:Infinity":101,"s:280:2:289:Infinity":102,"b:281:4:281:Infinity:undefined:undefined:undefined:undefined":42,"s:281:4:281:Infinity":103,"s:281:30:281:Infinity":104,"s:282:4:282:Infinity":105,"s:283:16:283:Infinity":106,"b:284:4:284:Infinity:undefined:undefined:undefined:undefined":43,"s:284:4:284:Infinity":107,"s:284:25:284:Infinity":108,"s:285:19:285:Infinity":109,"b:286:4:286:Infinity:undefined:undefined:undefined:undefined":44,"s:286:4:286:Infinity":110,"s:286:17:286:Infinity":111,"s:287:4:287:Infinity":112,"s:288:4:288:Infinity":113,"s:290:2:290:Infinity":114,"f:293:16:293:27":16,"s:294:17:294:Infinity":115,"s:295:2:295:Infinity":116,"f:298:16:298:33":17,"s:299:31:299:Infinity":117,"s:300:18:300:Infinity":118,"s:301:2:308:Infinity":119,"b:302:4:302:Infinity:undefined:undefined:undefined:undefined":45,"s:302:4:302:Infinity":120,"s:302:28:302:Infinity":121,"b:303:4:303:Infinity:undefined:undefined:undefined:undefined":46,"s:303:4:303:Infinity":122,"s:303:30:303:Infinity":123,"s:304:4:304:Infinity":124,"s:305:16:305:Infinity":125,"b:306:4:306:Infinity:undefined:undefined:undefined:undefined":47,"s:306:4:306:Infinity":126,"s:306:14:306:Infinity":127,"s:307:4:307:Infinity":128,"s:309:2:309:Infinity":129,"f:312:16:312:29":18,"s:313:17:313:Infinity":130,"s:314:2:318:Infinity":131,"f:314:5:314:23":19,"s:315:4:317:Infinity":132,"s:316:6:316:Infinity":133}}}
}
